2025-06-01 21:31:51,808 - INFO - PINN静电学实验开始
2025-06-01 21:31:51,808 - INFO - 使用设备: cuda
2025-06-01 21:31:51,808 - INFO - PyTorch版本: 2.7.0+cu126
2025-06-01 21:31:51,943 - INFO - 模型参数量: 8577
2025-06-01 21:31:51,943 - INFO - 开始正向问题训练（高效版）
2025-06-01 21:31:52,754 - INFO - 使用兼容模式的学习率调度器
2025-06-01 21:31:53,120 - INFO - Epoch 0: Loss=3.09e+00, PDE=2.28e+00, BC=8.05e-02, LR=1.00e-03
2025-06-01 21:31:57,584 - INFO - Epoch 1000: Loss=1.60e-01, PDE=1.58e-01, BC=2.37e-04, LR=1.00e-03
2025-06-01 21:32:01,831 - INFO - Epoch 2000: Loss=1.02e-01, PDE=1.01e-01, BC=9.80e-05, LR=1.00e-03
2025-06-01 21:32:06,107 - INFO - Epoch 3000: Loss=8.14e-02, PDE=7.89e-02, BC=2.45e-04, LR=1.00e-03
2025-06-01 21:32:13,714 - INFO - Epoch 4000: Loss=6.68e-02, PDE=6.62e-02, BC=6.67e-05, LR=1.00e-03
2025-06-01 21:32:24,321 - INFO - Epoch 5000: Loss=5.80e-02, PDE=5.74e-02, BC=5.38e-05, LR=8.00e-04
2025-06-01 21:32:34,917 - INFO - Epoch 6000: Loss=5.17e-02, PDE=5.13e-02, BC=4.31e-05, LR=8.00e-04
2025-06-01 21:32:45,576 - INFO - Epoch 7000: Loss=5.24e-02, PDE=5.20e-02, BC=3.85e-05, LR=8.00e-04
2025-06-01 21:32:56,047 - INFO - Epoch 8000: Loss=4.12e-02, PDE=4.09e-02, BC=3.03e-05, LR=6.40e-04
2025-06-01 21:33:04,516 - INFO - Epoch 9000: Loss=3.73e-02, PDE=3.70e-02, BC=2.15e-05, LR=6.40e-04
2025-06-01 21:33:09,935 - INFO - Epoch 10000: Loss=3.29e-02, PDE=3.26e-02, BC=2.88e-05, LR=6.40e-04
2025-06-01 21:33:15,293 - INFO - Epoch 11000: Loss=3.51e-02, PDE=3.49e-02, BC=2.19e-05, LR=5.12e-04
2025-06-01 21:33:20,831 - INFO - 训练完成，耗时: 88.89秒
2025-06-01 21:33:20,838 - INFO - 模型已保存: ./outputs_pytorch_square/models/forward_square.pth
2025-06-01 21:33:21,263 - INFO - 逆向求解: 噪声=0.000, 点数=200
2025-06-01 21:33:21,713 - INFO - 开始逆向问题求解，测量点数: 200
2025-06-01 21:33:21,724 - INFO - Epoch 0: Total=5.43e+00, PDE=2.10e-02, BC=4.05e-02, Data=5.00e-02
2025-06-01 21:33:32,539 - INFO - Epoch 1000: Total=3.89e-02, PDE=9.47e-03, BC=2.12e-04, Data=2.73e-04
2025-06-01 21:33:43,687 - INFO - Epoch 2000: Total=1.71e-02, PDE=2.51e-03, BC=1.67e-04, Data=1.29e-04
2025-06-01 21:33:54,912 - INFO - Epoch 3000: Total=1.36e-02, PDE=1.56e-03, BC=1.14e-04, Data=1.09e-04
2025-06-01 21:34:05,887 - INFO - Epoch 4000: Total=7.36e-03, PDE=1.14e-03, BC=6.60e-05, Data=5.56e-05
2025-06-01 21:34:17,162 - INFO - Epoch 5000: Total=4.80e-03, PDE=7.93e-04, BC=5.31e-05, Data=3.48e-05
2025-06-01 21:34:28,416 - INFO - Epoch 6000: Total=4.16e-03, PDE=5.81e-04, BC=6.17e-05, Data=2.97e-05
2025-06-01 21:34:39,707 - INFO - Epoch 7000: Total=3.18e-03, PDE=3.97e-04, BC=3.75e-05, Data=2.41e-05
2025-06-01 21:34:50,986 - INFO - Epoch 8000: Total=2.20e-03, PDE=3.09e-04, BC=2.91e-05, Data=1.60e-05
2025-06-01 21:35:02,038 - INFO - Epoch 9000: Total=2.61e-03, PDE=2.66e-04, BC=2.16e-05, Data=2.13e-05
2025-06-01 21:35:13,347 - INFO - Epoch 10000: Total=2.54e-03, PDE=2.48e-04, BC=2.96e-05, Data=2.00e-05
2025-06-01 21:35:24,660 - INFO - Epoch 11000: Total=1.58e-03, PDE=2.14e-04, BC=2.38e-05, Data=1.13e-05
2025-06-01 21:35:35,721 - INFO - 逆向模型已保存: ./outputs_pytorch_square/models/inverse_noise_0.000_points_200.pth
2025-06-01 21:35:36,271 - INFO - 完成: MSE=5.27e-01
2025-06-01 21:35:36,271 - INFO - 逆向求解: 噪声=0.000, 点数=400
2025-06-01 21:35:36,273 - INFO - 开始逆向问题求解，测量点数: 400
2025-06-01 21:35:36,286 - INFO - Epoch 0: Total=3.27e+00, PDE=2.32e-02, BC=3.81e-03, Data=3.21e-02
2025-06-01 21:35:47,179 - INFO - Epoch 1000: Total=5.34e-02, PDE=9.88e-03, BC=4.95e-04, Data=3.86e-04
2025-06-01 21:35:58,001 - INFO - Epoch 2000: Total=1.33e-02, PDE=2.57e-03, BC=8.21e-05, Data=9.91e-05
2025-06-01 21:36:08,822 - INFO - Epoch 3000: Total=9.03e-03, PDE=1.23e-03, BC=9.66e-05, Data=6.83e-05
2025-06-01 21:36:19,641 - INFO - Epoch 4000: Total=6.31e-03, PDE=8.04e-04, BC=6.38e-05, Data=4.87e-05
2025-06-01 21:36:30,432 - INFO - Epoch 5000: Total=4.57e-03, PDE=5.58e-04, BC=5.88e-05, Data=3.43e-05
2025-06-01 21:36:41,240 - INFO - Epoch 6000: Total=3.84e-03, PDE=4.29e-04, BC=4.91e-05, Data=2.92e-05
2025-06-01 21:36:51,747 - INFO - Epoch 7000: Total=3.96e-03, PDE=3.98e-04, BC=4.89e-05, Data=3.07e-05
2025-06-01 21:37:02,046 - INFO - Epoch 8000: Total=2.81e-03, PDE=3.28e-04, BC=3.66e-05, Data=2.12e-05
2025-06-01 21:37:12,155 - INFO - Epoch 9000: Total=2.00e-03, PDE=2.65e-04, BC=2.66e-05, Data=1.47e-05
2025-06-01 21:37:22,948 - INFO - Epoch 10000: Total=1.97e-03, PDE=2.44e-04, BC=2.73e-05, Data=1.45e-05
2025-06-01 21:37:33,751 - INFO - Epoch 11000: Total=2.18e-03, PDE=2.31e-04, BC=2.56e-05, Data=1.70e-05
2025-06-01 21:37:44,548 - INFO - 逆向模型已保存: ./outputs_pytorch_square/models/inverse_noise_0.000_points_400.pth
2025-06-01 21:37:45,097 - INFO - 完成: MSE=4.71e-01
2025-06-01 21:37:45,098 - INFO - 逆向求解: 噪声=0.000, 点数=800
2025-06-01 21:37:45,100 - INFO - 开始逆向问题求解，测量点数: 800
2025-06-01 21:37:45,112 - INFO - Epoch 0: Total=6.57e+00, PDE=6.44e-02, BC=5.93e-02, Data=5.91e-02
2025-06-01 21:37:55,701 - INFO - Epoch 1000: Total=1.50e-01, PDE=7.82e-03, BC=2.16e-03, Data=1.20e-03
2025-06-01 21:38:06,432 - INFO - Epoch 2000: Total=1.75e-02, PDE=2.38e-03, BC=1.81e-04, Data=1.33e-04
2025-06-01 21:38:16,981 - INFO - Epoch 3000: Total=7.38e-03, PDE=1.21e-03, BC=7.86e-05, Data=5.38e-05
2025-06-01 21:38:27,591 - INFO - Epoch 4000: Total=2.92e-02, PDE=1.25e-03, BC=2.80e-04, Data=2.52e-04
2025-06-01 21:38:38,162 - INFO - Epoch 5000: Total=4.05e-03, PDE=6.05e-04, BC=4.33e-05, Data=3.01e-05
2025-06-01 21:38:48,898 - INFO - Epoch 6000: Total=3.03e-03, PDE=4.93e-04, BC=3.35e-05, Data=2.20e-05
2025-06-01 21:38:59,577 - INFO - Epoch 7000: Total=2.61e-03, PDE=3.98e-04, BC=3.68e-05, Data=1.85e-05
2025-06-01 21:39:10,215 - INFO - Epoch 8000: Total=2.39e-03, PDE=3.34e-04, BC=3.43e-05, Data=1.71e-05
2025-06-01 21:39:20,962 - INFO - Epoch 9000: Total=1.93e-03, PDE=2.82e-04, BC=2.94e-05, Data=1.35e-05
2025-06-01 21:39:31,589 - INFO - Epoch 10000: Total=1.79e-03, PDE=2.30e-04, BC=3.03e-05, Data=1.26e-05
2025-06-01 21:39:42,335 - INFO - Epoch 11000: Total=1.61e-03, PDE=1.88e-04, BC=2.84e-05, Data=1.14e-05
2025-06-01 21:39:52,964 - INFO - 逆向模型已保存: ./outputs_pytorch_square/models/inverse_noise_0.000_points_800.pth
2025-06-01 21:39:53,517 - INFO - 完成: MSE=4.97e-01
2025-06-01 21:39:53,518 - INFO - 逆向求解: 噪声=0.000, 点数=1500
2025-06-01 21:39:53,519 - INFO - 开始逆向问题求解，测量点数: 1500
2025-06-01 21:39:53,535 - INFO - Epoch 0: Total=4.98e+00, PDE=1.02e-02, BC=3.16e-02, Data=4.66e-02
2025-06-01 21:40:04,268 - INFO - Epoch 1000: Total=4.10e-02, PDE=1.06e-02, BC=9.63e-05, Data=2.94e-04
2025-06-01 21:40:15,019 - INFO - Epoch 2000: Total=8.97e-02, PDE=4.01e-03, BC=1.02e-03, Data=7.55e-04
2025-06-01 21:40:25,748 - INFO - Epoch 3000: Total=9.44e-03, PDE=1.50e-03, BC=5.29e-05, Data=7.41e-05
2025-06-01 21:40:36,447 - INFO - Epoch 4000: Total=7.14e-03, PDE=6.54e-04, BC=7.35e-05, Data=5.75e-05
2025-06-01 21:40:47,050 - INFO - Epoch 5000: Total=4.20e-03, PDE=4.97e-04, BC=5.59e-05, Data=3.15e-05
2025-06-01 21:40:57,845 - INFO - Epoch 6000: Total=2.94e-03, PDE=3.84e-04, BC=3.29e-05, Data=2.23e-05
2025-06-01 21:41:08,544 - INFO - Epoch 7000: Total=2.53e-03, PDE=3.10e-04, BC=3.65e-05, Data=1.86e-05
2025-06-01 21:41:19,283 - INFO - Epoch 8000: Total=3.28e-03, PDE=2.80e-04, BC=4.25e-05, Data=2.57e-05
2025-06-01 21:41:30,080 - INFO - Epoch 9000: Total=1.92e-03, PDE=2.26e-04, BC=3.01e-05, Data=1.39e-05
2025-06-01 21:41:40,808 - INFO - Epoch 10000: Total=1.56e-03, PDE=1.96e-04, BC=2.29e-05, Data=1.13e-05
2025-06-01 21:41:51,271 - INFO - Epoch 11000: Total=1.45e-03, PDE=1.78e-04, BC=2.18e-05, Data=1.05e-05
2025-06-01 21:42:01,805 - INFO - 逆向模型已保存: ./outputs_pytorch_square/models/inverse_noise_0.000_points_1500.pth
2025-06-01 21:42:02,345 - INFO - 完成: MSE=5.08e-01
2025-06-01 21:42:02,345 - INFO - 逆向求解: 噪声=0.010, 点数=200
2025-06-01 21:42:02,346 - INFO - 开始逆向问题求解，测量点数: 200
2025-06-01 21:42:02,359 - INFO - Epoch 0: Total=5.78e+00, PDE=1.28e-01, BC=4.27e-02, Data=5.22e-02
2025-06-01 21:42:12,948 - INFO - Epoch 1000: Total=8.73e-02, PDE=1.37e-02, BC=6.04e-04, Data=6.75e-04
2025-06-01 21:42:23,606 - INFO - Epoch 2000: Total=4.87e-02, PDE=7.91e-03, BC=1.89e-04, Data=3.89e-04
2025-06-01 21:42:34,205 - INFO - Epoch 3000: Total=2.97e-02, PDE=3.37e-03, BC=9.59e-05, Data=2.54e-04
2025-06-01 21:42:44,668 - INFO - Epoch 4000: Total=2.50e-02, PDE=1.55e-03, BC=1.77e-04, Data=2.17e-04
2025-06-01 21:42:55,130 - INFO - Epoch 5000: Total=1.61e-02, PDE=9.24e-04, BC=8.79e-05, Data=1.43e-04
2025-06-01 21:43:05,660 - INFO - Epoch 6000: Total=1.61e-02, PDE=6.99e-04, BC=8.61e-05, Data=1.46e-04
2025-06-01 21:43:16,078 - INFO - Epoch 7000: Total=1.29e-02, PDE=6.54e-04, BC=6.99e-05, Data=1.15e-04
2025-06-01 21:43:26,735 - INFO - Epoch 8000: Total=1.25e-02, PDE=6.49e-04, BC=5.65e-05, Data=1.13e-04
2025-06-01 21:43:37,227 - INFO - Epoch 9000: Total=1.14e-02, PDE=5.56e-04, BC=5.59e-05, Data=1.03e-04
2025-06-01 21:43:47,627 - INFO - Epoch 10000: Total=1.07e-02, PDE=4.75e-04, BC=5.43e-05, Data=9.64e-05
2025-06-01 21:43:58,077 - INFO - Epoch 11000: Total=9.77e-03, PDE=3.92e-04, BC=4.41e-05, Data=8.93e-05
2025-06-01 21:44:08,465 - INFO - 逆向模型已保存: ./outputs_pytorch_square/models/inverse_noise_0.010_points_200.pth
2025-06-01 21:44:09,139 - INFO - 完成: MSE=5.54e-01
2025-06-01 21:44:09,139 - INFO - 逆向求解: 噪声=0.010, 点数=400
2025-06-01 21:44:09,141 - INFO - 开始逆向问题求解，测量点数: 400
2025-06-01 21:44:09,155 - INFO - Epoch 0: Total=4.92e+00, PDE=6.38e-03, BC=2.95e-02, Data=4.62e-02
2025-06-01 21:44:19,803 - INFO - Epoch 1000: Total=6.85e-02, PDE=1.31e-02, BC=3.52e-04, Data=5.19e-04
2025-06-01 21:44:30,550 - INFO - Epoch 2000: Total=4.04e-02, PDE=6.65e-03, BC=1.22e-04, Data=3.25e-04
2025-06-01 21:44:41,274 - INFO - Epoch 3000: Total=2.22e-02, PDE=2.50e-03, BC=1.03e-04, Data=1.86e-04
2025-06-01 21:44:52,072 - INFO - Epoch 4000: Total=2.14e-02, PDE=1.28e-03, BC=9.85e-05, Data=1.92e-04
2025-06-01 21:45:02,850 - INFO - Epoch 5000: Total=2.06e-02, PDE=8.90e-04, BC=1.52e-04, Data=1.82e-04
2025-06-01 21:45:13,594 - INFO - Epoch 6000: Total=1.75e-02, PDE=6.92e-04, BC=1.68e-04, Data=1.51e-04
2025-06-01 21:45:24,398 - INFO - Epoch 7000: Total=1.82e-02, PDE=6.81e-04, BC=1.77e-04, Data=1.57e-04
2025-06-01 21:45:35,205 - INFO - Epoch 8000: Total=1.24e-02, PDE=4.78e-04, BC=8.30e-05, Data=1.11e-04
2025-06-01 21:45:46,008 - INFO - Epoch 9000: Total=1.11e-02, PDE=4.03e-04, BC=5.64e-05, Data=1.01e-04
2025-06-01 21:45:56,827 - INFO - Epoch 10000: Total=1.40e-02, PDE=4.74e-04, BC=7.46e-05, Data=1.28e-04
2025-06-01 21:46:07,609 - INFO - Epoch 11000: Total=1.07e-02, PDE=3.33e-04, BC=4.30e-05, Data=9.90e-05
2025-06-01 21:46:18,380 - INFO - 逆向模型已保存: ./outputs_pytorch_square/models/inverse_noise_0.010_points_400.pth
2025-06-01 21:46:18,922 - INFO - 完成: MSE=5.45e-01
2025-06-01 21:46:18,922 - INFO - 逆向求解: 噪声=0.010, 点数=800
2025-06-01 21:46:18,924 - INFO - 开始逆向问题求解，测量点数: 800
2025-06-01 21:46:18,936 - INFO - Epoch 0: Total=3.16e+00, PDE=1.64e-02, BC=5.14e-04, Data=3.14e-02
2025-06-01 21:46:29,436 - INFO - Epoch 1000: Total=9.11e-02, PDE=1.17e-02, BC=1.07e-04, Data=7.83e-04
2025-06-01 21:46:40,152 - INFO - Epoch 2000: Total=2.46e-02, PDE=3.88e-03, BC=5.50e-05, Data=2.02e-04
2025-06-01 21:46:50,611 - INFO - Epoch 3000: Total=1.67e-02, PDE=1.79e-03, BC=5.07e-05, Data=1.44e-04
2025-06-01 21:47:01,308 - INFO - Epoch 4000: Total=1.41e-02, PDE=9.61e-04, BC=7.13e-05, Data=1.24e-04
2025-06-01 21:47:11,861 - INFO - Epoch 5000: Total=1.53e-02, PDE=7.63e-04, BC=2.84e-05, Data=1.42e-04
2025-06-01 21:47:22,613 - INFO - Epoch 6000: Total=1.24e-02, PDE=6.05e-04, BC=4.37e-05, Data=1.13e-04
2025-06-01 21:47:33,355 - INFO - Epoch 7000: Total=1.13e-02, PDE=4.47e-04, BC=3.48e-05, Data=1.05e-04
2025-06-01 21:47:44,112 - INFO - Epoch 8000: Total=1.10e-02, PDE=3.67e-04, BC=3.81e-05, Data=1.03e-04
2025-06-01 21:47:54,656 - INFO - Epoch 9000: Total=1.04e-02, PDE=2.93e-04, BC=3.15e-05, Data=9.75e-05
2025-06-01 21:48:05,189 - INFO - Epoch 10000: Total=1.03e-02, PDE=2.55e-04, BC=3.43e-05, Data=9.75e-05
2025-06-01 21:48:15,939 - INFO - Epoch 11000: Total=1.01e-02, PDE=2.12e-04, BC=2.72e-05, Data=9.57e-05
2025-06-01 21:48:26,537 - INFO - 逆向模型已保存: ./outputs_pytorch_square/models/inverse_noise_0.010_points_800.pth
2025-06-01 21:48:27,089 - INFO - 完成: MSE=4.99e-01
2025-06-01 21:48:27,090 - INFO - 逆向求解: 噪声=0.010, 点数=1500
2025-06-01 21:48:27,091 - INFO - 开始逆向问题求解，测量点数: 1500
2025-06-01 21:48:27,104 - INFO - Epoch 0: Total=7.13e+00, PDE=1.01e-02, BC=6.22e-02, Data=6.50e-02
2025-06-01 21:48:37,594 - INFO - Epoch 1000: Total=6.45e-02, PDE=9.23e-03, BC=4.00e-04, Data=5.13e-04
2025-06-01 21:48:48,102 - INFO - Epoch 2000: Total=2.40e-02, PDE=2.70e-03, BC=6.35e-05, Data=2.07e-04
2025-06-01 21:48:58,626 - INFO - Epoch 3000: Total=1.82e-02, PDE=1.10e-03, BC=9.20e-05, Data=1.61e-04
2025-06-01 21:49:09,159 - INFO - Epoch 4000: Total=1.54e-02, PDE=5.47e-04, BC=8.48e-05, Data=1.40e-04
2025-06-01 21:49:19,698 - INFO - Epoch 5000: Total=1.29e-02, PDE=3.71e-04, BC=4.34e-05, Data=1.21e-04
2025-06-01 21:49:28,666 - INFO - Epoch 6000: Total=1.22e-02, PDE=3.06e-04, BC=2.44e-05, Data=1.17e-04
2025-06-01 21:49:39,195 - INFO - Epoch 7000: Total=1.17e-02, PDE=2.52e-04, BC=4.02e-05, Data=1.10e-04
2025-06-01 21:49:49,724 - INFO - Epoch 8000: Total=1.10e-02, PDE=2.20e-04, BC=2.73e-05, Data=1.05e-04
2025-06-01 21:49:57,071 - INFO - Epoch 9000: Total=1.11e-02, PDE=1.93e-04, BC=2.82e-05, Data=1.06e-04
2025-06-01 21:50:07,603 - INFO - Epoch 10000: Total=1.09e-02, PDE=1.62e-04, BC=3.11e-05, Data=1.04e-04
2025-06-01 21:50:18,183 - INFO - Epoch 11000: Total=1.08e-02, PDE=1.41e-04, BC=2.51e-05, Data=1.04e-04
2025-06-01 21:50:28,714 - INFO - 逆向模型已保存: ./outputs_pytorch_square/models/inverse_noise_0.010_points_1500.pth
2025-06-01 21:50:29,249 - INFO - 完成: MSE=5.04e-01
2025-06-01 21:50:29,249 - INFO - 逆向求解: 噪声=0.020, 点数=200
2025-06-01 21:50:29,250 - INFO - 开始逆向问题求解，测量点数: 200
2025-06-01 21:50:29,263 - INFO - Epoch 0: Total=6.54e+00, PDE=7.99e-02, BC=5.22e-02, Data=5.93e-02
2025-06-01 21:50:39,988 - INFO - Epoch 1000: Total=1.21e-01, PDE=1.03e-02, BC=2.70e-04, Data=1.08e-03
2025-06-01 21:50:50,627 - INFO - Epoch 2000: Total=7.05e-02, PDE=5.09e-03, BC=3.20e-04, Data=6.22e-04
2025-06-01 21:51:01,397 - INFO - Epoch 3000: Total=4.71e-02, PDE=1.73e-03, BC=1.20e-04, Data=4.41e-04
2025-06-01 21:51:12,157 - INFO - Epoch 4000: Total=4.75e-02, PDE=8.70e-04, BC=1.72e-04, Data=4.49e-04
2025-06-01 21:51:22,916 - INFO - Epoch 5000: Total=4.34e-02, PDE=5.59e-04, BC=1.14e-04, Data=4.17e-04
2025-06-01 21:51:33,671 - INFO - Epoch 6000: Total=4.17e-02, PDE=4.75e-04, BC=6.75e-05, Data=4.05e-04
2025-06-01 21:51:44,252 - INFO - Epoch 7000: Total=4.05e-02, PDE=4.60e-04, BC=6.45e-05, Data=3.94e-04
2025-06-01 21:51:54,940 - INFO - Epoch 8000: Total=4.07e-02, PDE=4.87e-04, BC=8.88e-05, Data=3.94e-04
2025-06-01 21:52:05,628 - INFO - Epoch 9000: Total=3.96e-02, PDE=4.35e-04, BC=6.11e-05, Data=3.85e-04
2025-06-01 21:52:16,249 - INFO - Epoch 10000: Total=3.92e-02, PDE=3.90e-04, BC=7.02e-05, Data=3.81e-04
2025-06-01 21:52:26,828 - INFO - Epoch 11000: Total=3.84e-02, PDE=3.67e-04, BC=6.25e-05, Data=3.74e-04
2025-06-01 21:52:37,593 - INFO - 逆向模型已保存: ./outputs_pytorch_square/models/inverse_noise_0.020_points_200.pth
2025-06-01 21:52:38,269 - INFO - 完成: MSE=6.07e-01
2025-06-01 21:52:38,269 - INFO - 逆向求解: 噪声=0.020, 点数=400
2025-06-01 21:52:38,271 - INFO - 开始逆向问题求解，测量点数: 400
2025-06-01 21:52:38,284 - INFO - Epoch 0: Total=4.37e+00, PDE=1.78e-02, BC=2.32e-02, Data=4.12e-02
2025-06-01 21:52:48,989 - INFO - Epoch 1000: Total=7.90e-02, PDE=8.95e-03, BC=3.53e-04, Data=6.66e-04
2025-06-01 21:52:59,711 - INFO - Epoch 2000: Total=5.38e-02, PDE=3.19e-03, BC=1.03e-04, Data=4.96e-04
2025-06-01 21:53:10,511 - INFO - Epoch 3000: Total=4.62e-02, PDE=1.06e-03, BC=8.91e-05, Data=4.42e-04
2025-06-01 21:53:21,327 - INFO - Epoch 4000: Total=4.46e-02, PDE=6.57e-04, BC=7.71e-05, Data=4.32e-04
2025-06-01 21:53:32,092 - INFO - Epoch 5000: Total=4.27e-02, PDE=4.46e-04, BC=6.58e-05, Data=4.16e-04
2025-06-01 21:53:42,808 - INFO - Epoch 6000: Total=4.21e-02, PDE=4.38e-04, BC=6.95e-05, Data=4.10e-04
2025-06-01 21:53:53,608 - INFO - Epoch 7000: Total=4.04e-02, PDE=3.85e-04, BC=5.01e-05, Data=3.95e-04
2025-06-01 21:54:04,398 - INFO - Epoch 8000: Total=3.95e-02, PDE=3.41e-04, BC=2.75e-05, Data=3.89e-04
2025-06-01 21:54:15,191 - INFO - Epoch 9000: Total=3.92e-02, PDE=3.25e-04, BC=3.15e-05, Data=3.85e-04
2025-06-01 21:54:25,989 - INFO - Epoch 10000: Total=4.02e-02, PDE=3.41e-04, BC=5.22e-05, Data=3.93e-04
2025-06-01 21:54:36,791 - INFO - Epoch 11000: Total=3.89e-02, PDE=2.91e-04, BC=2.86e-05, Data=3.83e-04
2025-06-01 21:54:47,595 - INFO - 逆向模型已保存: ./outputs_pytorch_square/models/inverse_noise_0.020_points_400.pth
2025-06-01 21:54:48,128 - INFO - 完成: MSE=6.04e-01
2025-06-01 21:54:48,128 - INFO - 逆向求解: 噪声=0.020, 点数=800
2025-06-01 21:54:48,130 - INFO - 开始逆向问题求解，测量点数: 800
2025-06-01 21:54:48,143 - INFO - Epoch 0: Total=6.58e+00, PDE=3.71e-02, BC=5.61e-02, Data=5.98e-02
2025-06-01 21:54:58,907 - INFO - Epoch 1000: Total=8.67e-02, PDE=1.21e-02, BC=3.36e-04, Data=7.12e-04
2025-06-01 21:55:09,705 - INFO - Epoch 2000: Total=4.85e-02, PDE=3.34e-03, BC=6.68e-05, Data=4.45e-04
2025-06-01 21:55:20,502 - INFO - Epoch 3000: Total=7.49e-02, PDE=1.38e-03, BC=3.38e-04, Data=7.02e-04
2025-06-01 21:55:31,273 - INFO - Epoch 4000: Total=4.09e-02, PDE=6.33e-04, BC=4.77e-05, Data=3.98e-04
2025-06-01 21:55:42,050 - INFO - Epoch 5000: Total=4.04e-02, PDE=4.58e-04, BC=8.76e-05, Data=3.90e-04
2025-06-01 21:55:52,837 - INFO - Epoch 6000: Total=4.09e-02, PDE=3.99e-04, BC=8.65e-05, Data=3.96e-04
2025-06-01 21:56:03,620 - INFO - Epoch 7000: Total=3.84e-02, PDE=3.02e-04, BC=3.80e-05, Data=3.77e-04
2025-06-01 21:56:14,415 - INFO - Epoch 8000: Total=3.84e-02, PDE=2.63e-04, BC=4.12e-05, Data=3.77e-04
2025-06-01 21:56:25,182 - INFO - Epoch 9000: Total=3.76e-02, PDE=2.20e-04, BC=3.99e-05, Data=3.70e-04
2025-06-01 21:56:35,976 - INFO - Epoch 10000: Total=3.75e-02, PDE=1.99e-04, BC=3.99e-05, Data=3.69e-04
2025-06-01 21:56:46,744 - INFO - Epoch 11000: Total=3.74e-02, PDE=1.84e-04, BC=3.97e-05, Data=3.68e-04
2025-06-01 21:56:57,532 - INFO - 逆向模型已保存: ./outputs_pytorch_square/models/inverse_noise_0.020_points_800.pth
2025-06-01 21:56:58,071 - INFO - 完成: MSE=5.14e-01
2025-06-01 21:56:58,071 - INFO - 逆向求解: 噪声=0.020, 点数=1500
2025-06-01 21:56:58,073 - INFO - 开始逆向问题求解，测量点数: 1500
2025-06-01 21:56:58,085 - INFO - Epoch 0: Total=3.89e+00, PDE=2.10e-03, BC=1.05e-02, Data=3.78e-02
2025-06-01 21:57:08,772 - INFO - Epoch 1000: Total=8.65e-02, PDE=1.23e-02, BC=1.52e-04, Data=7.26e-04
2025-06-01 21:57:19,428 - INFO - Epoch 2000: Total=5.31e-02, PDE=3.32e-03, BC=9.65e-05, Data=4.88e-04
2025-06-01 21:57:30,033 - INFO - Epoch 3000: Total=5.85e-02, PDE=1.37e-03, BC=2.37e-04, Data=5.47e-04
2025-06-01 21:57:40,741 - INFO - Epoch 4000: Total=4.71e-02, PDE=8.05e-04, BC=1.01e-04, Data=4.53e-04
2025-06-01 21:57:51,461 - INFO - Epoch 5000: Total=4.44e-02, PDE=5.21e-04, BC=7.12e-05, Data=4.32e-04
2025-06-01 21:58:02,139 - INFO - Epoch 6000: Total=4.21e-02, PDE=3.69e-04, BC=5.14e-05, Data=4.12e-04
2025-06-01 21:58:12,544 - INFO - Epoch 7000: Total=4.20e-02, PDE=3.27e-04, BC=5.09e-05, Data=4.12e-04
2025-06-01 21:58:23,117 - INFO - Epoch 8000: Total=4.09e-02, PDE=2.85e-04, BC=4.10e-05, Data=4.02e-04
2025-06-01 21:58:33,675 - INFO - Epoch 9000: Total=4.08e-02, PDE=2.65e-04, BC=4.02e-05, Data=4.01e-04
2025-06-01 21:58:44,332 - INFO - Epoch 10000: Total=4.07e-02, PDE=2.45e-04, BC=4.12e-05, Data=4.01e-04
2025-06-01 21:58:55,103 - INFO - Epoch 11000: Total=4.05e-02, PDE=2.16e-04, BC=3.79e-05, Data=3.99e-04
2025-06-01 21:59:05,865 - INFO - 逆向模型已保存: ./outputs_pytorch_square/models/inverse_noise_0.020_points_1500.pth
2025-06-01 21:59:06,394 - INFO - 完成: MSE=4.84e-01
2025-06-01 21:59:06,394 - INFO - 逆向求解: 噪声=0.050, 点数=200
2025-06-01 21:59:06,396 - INFO - 开始逆向问题求解，测量点数: 200
2025-06-01 21:59:06,408 - INFO - Epoch 0: Total=6.31e+00, PDE=4.63e-02, BC=4.67e-02, Data=5.79e-02
2025-06-01 21:59:17,047 - INFO - Epoch 1000: Total=3.63e-01, PDE=1.80e-02, BC=1.47e-03, Data=3.31e-03
2025-06-01 21:59:27,721 - INFO - Epoch 2000: Total=2.80e-01, PDE=6.77e-03, BC=5.22e-04, Data=2.68e-03
2025-06-01 21:59:38,414 - INFO - Epoch 3000: Total=2.71e-01, PDE=2.40e-03, BC=4.36e-04, Data=2.65e-03
2025-06-01 21:59:49,036 - INFO - Epoch 4000: Total=2.60e-01, PDE=1.49e-03, BC=5.90e-04, Data=2.52e-03
2025-06-01 21:59:59,632 - INFO - Epoch 5000: Total=2.59e-01, PDE=1.30e-03, BC=6.89e-04, Data=2.51e-03
2025-06-01 22:00:10,347 - INFO - Epoch 6000: Total=2.55e-01, PDE=1.26e-03, BC=5.60e-04, Data=2.48e-03
2025-06-01 22:00:21,099 - INFO - Epoch 7000: Total=2.51e-01, PDE=1.23e-03, BC=5.06e-04, Data=2.45e-03
2025-06-01 22:00:31,758 - INFO - Epoch 8000: Total=2.51e-01, PDE=1.23e-03, BC=6.69e-04, Data=2.43e-03
2025-06-01 22:00:42,136 - INFO - Epoch 9000: Total=2.48e-01, PDE=1.20e-03, BC=5.73e-04, Data=2.41e-03
2025-06-01 22:00:52,657 - INFO - Epoch 10000: Total=2.52e-01, PDE=1.60e-03, BC=7.82e-04, Data=2.43e-03
2025-06-01 22:01:03,394 - INFO - Epoch 11000: Total=2.46e-01, PDE=1.50e-03, BC=5.90e-04, Data=2.38e-03
2025-06-01 22:01:14,011 - INFO - 逆向模型已保存: ./outputs_pytorch_square/models/inverse_noise_0.050_points_200.pth
2025-06-01 22:01:14,565 - INFO - 完成: MSE=8.01e-01
2025-06-01 22:01:14,565 - INFO - 逆向求解: 噪声=0.050, 点数=400
2025-06-01 22:01:14,566 - INFO - 开始逆向问题求解，测量点数: 400
2025-06-01 22:01:14,578 - INFO - Epoch 0: Total=5.63e+00, PDE=7.04e-04, BC=3.91e-02, Data=5.24e-02
2025-06-01 22:01:25,286 - INFO - Epoch 1000: Total=2.79e-01, PDE=9.53e-03, BC=5.21e-04, Data=2.64e-03
2025-06-01 22:01:35,923 - INFO - Epoch 2000: Total=2.51e-01, PDE=4.02e-03, BC=4.14e-04, Data=2.43e-03
2025-06-01 22:01:46,661 - INFO - Epoch 3000: Total=2.40e-01, PDE=1.80e-03, BC=2.97e-04, Data=2.35e-03
2025-06-01 22:01:57,383 - INFO - Epoch 4000: Total=2.36e-01, PDE=1.06e-03, BC=2.14e-04, Data=2.33e-03
2025-06-01 22:02:07,927 - INFO - Epoch 5000: Total=2.33e-01, PDE=9.15e-04, BC=2.24e-04, Data=2.30e-03
2025-06-01 22:02:18,668 - INFO - Epoch 6000: Total=2.32e-01, PDE=7.83e-04, BC=2.63e-04, Data=2.29e-03
2025-06-01 22:02:29,360 - INFO - Epoch 7000: Total=2.34e-01, PDE=8.27e-04, BC=3.00e-04, Data=2.30e-03
2025-06-01 22:02:40,088 - INFO - Epoch 8000: Total=2.29e-01, PDE=7.68e-04, BC=2.07e-04, Data=2.26e-03
2025-06-01 22:02:50,765 - INFO - Epoch 9000: Total=2.29e-01, PDE=8.15e-04, BC=2.25e-04, Data=2.26e-03
2025-06-01 22:03:01,412 - INFO - Epoch 10000: Total=2.28e-01, PDE=8.19e-04, BC=2.27e-04, Data=2.25e-03
2025-06-01 22:03:12,139 - INFO - Epoch 11000: Total=2.28e-01, PDE=8.32e-04, BC=1.96e-04, Data=2.25e-03
2025-06-01 22:03:22,868 - INFO - 逆向模型已保存: ./outputs_pytorch_square/models/inverse_noise_0.050_points_400.pth
2025-06-01 22:03:23,527 - INFO - 完成: MSE=8.39e-01
2025-06-01 22:03:23,528 - INFO - 逆向求解: 噪声=0.050, 点数=800
2025-06-01 22:03:23,529 - INFO - 开始逆向问题求解，测量点数: 800
2025-06-01 22:03:23,543 - INFO - Epoch 0: Total=5.74e+00, PDE=4.71e-02, BC=3.68e-02, Data=5.32e-02
2025-06-01 22:03:34,346 - INFO - Epoch 1000: Total=3.13e-01, PDE=1.16e-02, BC=4.66e-04, Data=2.97e-03
2025-06-01 22:03:45,154 - INFO - Epoch 2000: Total=2.67e-01, PDE=3.64e-03, BC=1.22e-04, Data=2.62e-03
2025-06-01 22:03:55,967 - INFO - Epoch 3000: Total=2.66e-01, PDE=1.15e-03, BC=2.56e-04, Data=2.62e-03
2025-06-01 22:04:06,781 - INFO - Epoch 4000: Total=2.55e-01, PDE=6.26e-04, BC=1.14e-04, Data=2.54e-03
2025-06-01 22:04:17,592 - INFO - Epoch 5000: Total=2.56e-01, PDE=4.81e-04, BC=1.20e-04, Data=2.54e-03
2025-06-01 22:04:28,408 - INFO - Epoch 6000: Total=2.54e-01, PDE=3.77e-04, BC=1.46e-04, Data=2.52e-03
2025-06-01 22:04:39,232 - INFO - Epoch 7000: Total=2.53e-01, PDE=3.56e-04, BC=1.36e-04, Data=2.51e-03
2025-06-01 22:04:50,047 - INFO - Epoch 8000: Total=2.52e-01, PDE=3.44e-04, BC=1.26e-04, Data=2.50e-03
2025-06-01 22:05:00,890 - INFO - Epoch 9000: Total=2.51e-01, PDE=3.75e-04, BC=1.24e-04, Data=2.50e-03
2025-06-01 22:05:11,725 - INFO - Epoch 10000: Total=2.51e-01, PDE=4.15e-04, BC=1.20e-04, Data=2.49e-03
2025-06-01 22:05:22,020 - INFO - Epoch 11000: Total=2.52e-01, PDE=5.06e-04, BC=1.08e-04, Data=2.50e-03
2025-06-01 22:05:32,883 - INFO - 逆向模型已保存: ./outputs_pytorch_square/models/inverse_noise_0.050_points_800.pth
2025-06-01 22:05:33,427 - INFO - 完成: MSE=5.70e-01
2025-06-01 22:05:33,428 - INFO - 逆向求解: 噪声=0.050, 点数=1500
2025-06-01 22:05:33,429 - INFO - 开始逆向问题求解，测量点数: 1500
2025-06-01 22:05:33,442 - INFO - Epoch 0: Total=1.09e+01, PDE=2.70e-02, BC=1.18e-01, Data=9.68e-02
2025-06-01 22:05:44,280 - INFO - Epoch 1000: Total=3.14e-01, PDE=1.10e-02, BC=2.15e-04, Data=3.01e-03
2025-06-01 22:05:55,144 - INFO - Epoch 2000: Total=2.83e-01, PDE=4.66e-03, BC=1.45e-04, Data=2.77e-03
2025-06-01 22:06:06,015 - INFO - Epoch 3000: Total=2.72e-01, PDE=1.76e-03, BC=2.01e-04, Data=2.69e-03
2025-06-01 22:06:16,907 - INFO - Epoch 4000: Total=2.75e-01, PDE=7.29e-03, BC=1.04e-04, Data=2.67e-03
2025-06-01 22:06:27,788 - INFO - Epoch 5000: Total=2.67e-01, PDE=1.01e-03, BC=1.25e-04, Data=2.65e-03
2025-06-01 22:06:38,648 - INFO - Epoch 6000: Total=2.65e-01, PDE=9.16e-04, BC=7.03e-05, Data=2.64e-03
2025-06-01 22:06:49,507 - INFO - Epoch 7000: Total=2.64e-01, PDE=7.64e-04, BC=9.93e-05, Data=2.62e-03
2025-06-01 22:07:00,279 - INFO - Epoch 8000: Total=2.62e-01, PDE=7.16e-04, BC=6.12e-05, Data=2.61e-03
2025-06-01 22:07:11,124 - INFO - Epoch 9000: Total=2.62e-01, PDE=6.46e-04, BC=8.63e-05, Data=2.61e-03
2025-06-01 22:07:21,985 - INFO - Epoch 10000: Total=2.61e-01, PDE=5.81e-04, BC=7.50e-05, Data=2.59e-03
2025-06-01 22:07:32,612 - INFO - Epoch 11000: Total=2.60e-01, PDE=5.47e-04, BC=7.36e-05, Data=2.59e-03
2025-06-01 22:07:43,476 - INFO - 逆向模型已保存: ./outputs_pytorch_square/models/inverse_noise_0.050_points_1500.pth
2025-06-01 22:07:44,015 - INFO - 完成: MSE=6.35e-01
2025-06-01 22:07:44,016 - INFO - 实验完成，总耗时: 2152.21秒
