2025-06-01 21:12:22,973 - INFO - PINN静电学实验开始
2025-06-01 21:12:22,973 - INFO - 使用设备: cuda
2025-06-01 21:12:22,973 - INFO - PyTorch版本: 2.7.0+cu126
2025-06-01 21:12:23,166 - INFO - 模型参数量: 8577
2025-06-01 21:12:23,167 - INFO - 开始正向问题训练（高效版）
2025-06-01 21:12:23,979 - INFO - 使用兼容模式的学习率调度器
2025-06-01 21:12:24,347 - INFO - Epoch 0: Loss=2.61e+00, PDE=2.11e+00, BC=4.95e-02, LR=1.00e-03
2025-06-01 21:12:35,122 - INFO - Epoch 1000: Loss=1.61e-01, PDE=1.55e-01, BC=6.01e-04, LR=1.00e-03
2025-06-01 21:12:45,984 - INFO - Epoch 2000: Loss=9.98e-02, PDE=9.86e-02, BC=1.22e-04, LR=1.00e-03
2025-06-01 21:12:56,778 - INFO - Epoch 3000: Loss=7.97e-02, PDE=7.81e-02, BC=1.59e-04, LR=1.00e-03
2025-06-01 21:13:07,590 - INFO - Epoch 4000: Loss=7.08e-02, PDE=6.92e-02, BC=1.65e-04, LR=1.00e-03
2025-06-01 21:13:18,443 - INFO - Epoch 5000: Loss=6.48e-02, PDE=6.43e-02, BC=5.69e-05, LR=1.00e-03
2025-06-01 21:13:29,265 - INFO - Epoch 6000: Loss=5.96e-02, PDE=5.88e-02, BC=7.82e-05, LR=1.00e-03
2025-06-01 21:13:40,061 - INFO - Epoch 7000: Loss=5.33e-02, PDE=5.29e-02, BC=3.82e-05, LR=8.00e-04
2025-06-01 21:13:50,893 - INFO - Epoch 8000: Loss=4.79e-02, PDE=4.74e-02, BC=4.59e-05, LR=8.00e-04
2025-06-01 21:14:01,658 - INFO - Epoch 9000: Loss=4.33e-02, PDE=4.29e-02, BC=4.24e-05, LR=6.40e-04
2025-06-01 21:14:12,476 - INFO - Epoch 10000: Loss=3.91e-02, PDE=3.88e-02, BC=3.15e-05, LR=5.12e-04
2025-06-01 21:14:23,251 - INFO - Epoch 11000: Loss=3.54e-02, PDE=3.51e-02, BC=2.57e-05, LR=5.12e-04
2025-06-01 21:14:34,024 - INFO - 训练完成，耗时: 130.86秒
2025-06-01 21:14:34,044 - INFO - 模型已保存: ./outputs_simple/models/forward_square.pth
2025-06-01 21:14:34,476 - INFO - 逆向求解: 噪声=0.010, 点数=200
2025-06-01 21:14:34,904 - INFO - 开始逆向问题求解，测量点数: 200
2025-06-01 21:14:34,917 - INFO - Epoch 0: Total=3.72e+00, PDE=1.99e-02, BC=7.18e-03, Data=3.63e-02
2025-06-01 21:14:46,850 - INFO - Epoch 1000: Total=7.01e-02, PDE=1.24e-02, BC=3.36e-04, Data=5.43e-04
2025-06-01 21:14:58,704 - INFO - Epoch 2000: Total=3.42e-02, PDE=4.84e-03, BC=1.09e-04, Data=2.82e-04
2025-06-01 21:15:10,408 - INFO - Epoch 3000: Total=2.52e-02, PDE=2.95e-03, BC=1.36e-04, Data=2.09e-04
2025-06-01 21:15:22,015 - INFO - Epoch 4000: Total=1.67e-02, PDE=1.76e-03, BC=9.34e-05, Data=1.40e-04
2025-06-01 21:15:33,715 - INFO - Epoch 5000: Total=1.61e-02, PDE=1.04e-03, BC=1.19e-04, Data=1.39e-04
2025-06-01 21:15:45,438 - INFO - Epoch 6000: Total=1.77e-02, PDE=8.40e-04, BC=1.86e-04, Data=1.50e-04
2025-06-01 21:15:57,077 - INFO - Epoch 7000: Total=1.24e-02, PDE=7.03e-04, BC=7.90e-05, Data=1.09e-04
2025-06-01 21:16:08,730 - INFO - Epoch 8000: Total=1.24e-02, PDE=6.22e-04, BC=1.08e-04, Data=1.07e-04
2025-06-01 21:16:20,520 - INFO - Epoch 9000: Total=1.11e-02, PDE=5.19e-04, BC=7.26e-05, Data=9.90e-05
2025-06-01 21:16:32,277 - INFO - Epoch 10000: Total=1.06e-02, PDE=4.42e-04, BC=6.91e-05, Data=9.44e-05
2025-06-01 21:16:43,984 - INFO - Epoch 11000: Total=1.00e-02, PDE=3.80e-04, BC=6.24e-05, Data=9.02e-05
2025-06-01 21:16:55,876 - INFO - 逆向模型已保存: ./outputs_simple/models/inverse_noise_0.010_points_200.pth
2025-06-01 21:16:56,430 - INFO - 完成: MSE=5.58e-01
2025-06-01 21:16:56,431 - INFO - 逆向求解: 噪声=0.010, 点数=400
2025-06-01 21:16:56,449 - INFO - 开始逆向问题求解，测量点数: 400
2025-06-01 21:16:56,465 - INFO - Epoch 0: Total=3.68e+00, PDE=1.07e-03, BC=1.51e-02, Data=3.53e-02
2025-06-01 21:17:08,095 - INFO - Epoch 1000: Total=7.27e-02, PDE=1.00e-02, BC=5.04e-04, Data=5.77e-04
2025-06-01 21:17:19,967 - INFO - Epoch 2000: Total=2.88e-02, PDE=4.10e-03, BC=4.93e-05, Data=2.42e-04
2025-06-01 21:17:31,713 - INFO - Epoch 3000: Total=2.14e-02, PDE=1.84e-03, BC=6.15e-05, Data=1.89e-04
2025-06-01 21:17:43,366 - INFO - Epoch 4000: Total=1.69e-02, PDE=1.08e-03, BC=9.54e-05, Data=1.49e-04
2025-06-01 21:17:55,135 - INFO - Epoch 5000: Total=1.52e-02, PDE=7.85e-04, BC=6.97e-05, Data=1.37e-04
2025-06-01 21:18:06,897 - INFO - Epoch 6000: Total=1.40e-02, PDE=6.82e-04, BC=4.15e-05, Data=1.29e-04
2025-06-01 21:18:18,495 - INFO - Epoch 7000: Total=1.28e-02, PDE=5.66e-04, BC=2.74e-05, Data=1.20e-04
2025-06-01 21:18:30,101 - INFO - Epoch 8000: Total=1.23e-02, PDE=4.84e-04, BC=4.86e-05, Data=1.13e-04
2025-06-01 21:18:41,917 - INFO - Epoch 9000: Total=1.16e-02, PDE=4.11e-04, BC=3.43e-05, Data=1.08e-04
2025-06-01 21:18:53,713 - INFO - Epoch 10000: Total=1.12e-02, PDE=3.50e-04, BC=3.43e-05, Data=1.05e-04
2025-06-01 21:19:05,424 - INFO - Epoch 11000: Total=1.08e-02, PDE=2.85e-04, BC=3.76e-05, Data=1.01e-04
2025-06-01 21:19:17,119 - INFO - 逆向模型已保存: ./outputs_simple/models/inverse_noise_0.010_points_400.pth
2025-06-01 21:19:17,658 - INFO - 完成: MSE=5.24e-01
2025-06-01 21:19:17,659 - INFO - 逆向求解: 噪声=0.020, 点数=200
2025-06-01 21:19:17,660 - INFO - 开始逆向问题求解，测量点数: 200
2025-06-01 21:19:17,675 - INFO - Epoch 0: Total=4.67e+00, PDE=2.30e-02, BC=2.66e-02, Data=4.39e-02
2025-06-01 21:19:29,442 - INFO - Epoch 1000: Total=8.50e-02, PDE=8.64e-03, BC=4.79e-04, Data=7.16e-04
2025-06-01 21:19:41,170 - INFO - Epoch 2000: Total=6.31e-02, PDE=5.69e-03, BC=1.77e-04, Data=5.57e-04
2025-06-01 21:19:52,719 - INFO - Epoch 3000: Total=5.89e-02, PDE=3.16e-03, BC=2.77e-04, Data=5.30e-04
2025-06-01 21:20:04,393 - INFO - Epoch 4000: Total=4.69e-02, PDE=8.01e-04, BC=1.36e-04, Data=4.47e-04
2025-06-01 21:20:16,084 - INFO - Epoch 5000: Total=4.23e-02, PDE=6.39e-04, BC=1.13e-04, Data=4.05e-04
2025-06-01 21:20:27,676 - INFO - Epoch 6000: Total=4.32e-02, PDE=6.74e-04, BC=1.05e-04, Data=4.15e-04
2025-06-01 21:20:39,340 - INFO - Epoch 7000: Total=4.10e-02, PDE=5.89e-04, BC=1.22e-04, Data=3.92e-04
2025-06-01 21:20:50,945 - INFO - Epoch 8000: Total=3.76e-02, PDE=5.37e-04, BC=7.52e-05, Data=3.63e-04
2025-06-01 21:21:02,694 - INFO - Epoch 9000: Total=3.74e-02, PDE=5.01e-04, BC=7.06e-05, Data=3.62e-04
2025-06-01 21:21:14,376 - INFO - Epoch 10000: Total=3.65e-02, PDE=4.40e-04, BC=7.22e-05, Data=3.54e-04
2025-06-01 21:21:26,148 - INFO - Epoch 11000: Total=3.54e-02, PDE=3.67e-04, BC=6.56e-05, Data=3.43e-04
2025-06-01 21:21:37,796 - INFO - 逆向模型已保存: ./outputs_simple/models/inverse_noise_0.020_points_200.pth
2025-06-01 21:21:38,344 - INFO - 完成: MSE=6.39e-01
2025-06-01 21:21:38,344 - INFO - 逆向求解: 噪声=0.020, 点数=400
2025-06-01 21:21:38,346 - INFO - 开始逆向问题求解，测量点数: 400
2025-06-01 21:21:38,359 - INFO - Epoch 0: Total=1.93e+01, PDE=4.86e-02, BC=2.48e-01, Data=1.68e-01
2025-06-01 21:21:50,092 - INFO - Epoch 1000: Total=7.97e-02, PDE=9.22e-03, BC=7.52e-05, Data=6.98e-04
2025-06-01 21:22:01,825 - INFO - Epoch 2000: Total=5.05e-02, PDE=3.35e-03, BC=1.51e-04, Data=4.57e-04
2025-06-01 21:22:13,519 - INFO - Epoch 3000: Total=4.25e-02, PDE=1.50e-03, BC=1.10e-04, Data=3.99e-04
2025-06-01 21:22:25,206 - INFO - Epoch 4000: Total=4.28e-02, PDE=9.51e-04, BC=1.29e-04, Data=4.05e-04
2025-06-01 21:22:37,035 - INFO - Epoch 5000: Total=4.02e-02, PDE=6.41e-04, BC=7.86e-05, Data=3.87e-04
2025-06-01 21:22:48,766 - INFO - Epoch 6000: Total=3.79e-02, PDE=4.46e-04, BC=7.02e-05, Data=3.67e-04
2025-06-01 21:23:00,517 - INFO - Epoch 7000: Total=3.65e-02, PDE=3.27e-04, BC=6.74e-05, Data=3.55e-04
2025-06-01 21:23:12,233 - INFO - Epoch 8000: Total=3.67e-02, PDE=2.70e-04, BC=7.55e-05, Data=3.57e-04
2025-06-01 21:23:23,774 - INFO - Epoch 9000: Total=3.64e-02, PDE=2.32e-04, BC=6.26e-05, Data=3.55e-04
2025-06-01 21:23:35,334 - INFO - Epoch 10000: Total=3.61e-02, PDE=2.00e-04, BC=6.13e-05, Data=3.53e-04
2025-06-01 21:23:46,952 - INFO - Epoch 11000: Total=3.61e-02, PDE=1.76e-04, BC=6.30e-05, Data=3.53e-04
2025-06-01 21:23:58,611 - INFO - 逆向模型已保存: ./outputs_simple/models/inverse_noise_0.020_points_400.pth
2025-06-01 21:23:59,160 - INFO - 完成: MSE=5.40e-01
2025-06-01 21:23:59,160 - INFO - 实验完成，总耗时: 696.19秒
