2025-06-01 22:10:07,832 - INFO - PINN静电学实验开始
2025-06-01 22:10:07,832 - INFO - 使用设备: cuda
2025-06-01 22:10:07,832 - INFO - PyTorch版本: 2.7.0+cu126
2025-06-01 22:10:07,973 - INFO - 模型参数量: 8577
2025-06-01 22:10:07,973 - INFO - 开始正向问题训练（高效版）
2025-06-01 22:10:08,791 - INFO - 使用兼容模式的学习率调度器
2025-06-01 22:10:09,139 - INFO - Epoch 0: Loss=3.42e+00, PDE=3.14e+00, BC=2.84e-02, LR=1.00e-03
2025-06-01 22:10:18,943 - INFO - Epoch 1000: Loss=8.90e-03, PDE=3.78e-03, BC=5.12e-04, LR=1.00e-03
2025-06-01 22:10:28,780 - INFO - Epoch 2000: Loss=1.94e-03, PDE=1.23e-03, BC=7.02e-05, LR=1.00e-03
2025-06-01 22:10:38,584 - INFO - Epoch 3000: Loss=2.12e-03, PDE=7.65e-04, BC=1.36e-04, LR=1.00e-03
2025-06-01 22:10:48,397 - INFO - Epoch 4000: Loss=3.54e-04, PDE=2.92e-04, BC=6.21e-06, LR=1.00e-03
2025-06-01 22:10:58,228 - INFO - Epoch 5000: Loss=2.45e-04, PDE=1.91e-04, BC=5.44e-06, LR=1.00e-03
2025-06-01 22:11:08,089 - INFO - Epoch 6000: Loss=2.31e-04, PDE=1.58e-04, BC=7.28e-06, LR=1.00e-03
2025-06-01 22:11:17,945 - INFO - Epoch 7000: Loss=1.55e-04, PDE=1.26e-04, BC=2.85e-06, LR=1.00e-03
2025-06-01 22:11:27,870 - INFO - Epoch 8000: Loss=2.93e-04, PDE=1.08e-04, BC=1.85e-05, LR=1.00e-03
2025-06-01 22:11:37,680 - INFO - Epoch 9000: Loss=5.97e-04, PDE=1.81e-04, BC=4.16e-05, LR=1.00e-03
2025-06-01 22:11:47,430 - INFO - Epoch 10000: Loss=8.87e-05, PDE=7.86e-05, BC=1.02e-06, LR=1.00e-03
2025-06-01 22:11:57,200 - INFO - Epoch 11000: Loss=5.00e-04, PDE=1.57e-04, BC=3.43e-05, LR=1.00e-03
2025-06-01 22:12:06,959 - INFO - 训练完成，耗时: 118.99秒
2025-06-01 22:12:06,978 - INFO - 模型已保存: ./outputs_pytorch_gaussian/models/forward_gaussian.pth
2025-06-01 22:12:07,415 - INFO - 逆向求解: 噪声=0.000, 点数=200
2025-06-01 22:12:07,852 - INFO - 开始逆向问题求解，测量点数: 200
2025-06-01 22:12:07,863 - INFO - Epoch 0: Total=9.19e+00, PDE=1.57e-02, BC=6.26e-02, Data=8.54e-02
2025-06-01 22:12:18,809 - INFO - Epoch 1000: Total=8.38e-02, PDE=1.23e-02, BC=5.20e-04, Data=6.63e-04
2025-06-01 22:12:29,825 - INFO - Epoch 2000: Total=1.99e-02, PDE=3.61e-03, BC=1.58e-04, Data=1.47e-04
2025-06-01 22:12:40,828 - INFO - Epoch 3000: Total=1.33e-02, PDE=1.35e-03, BC=7.72e-05, Data=1.12e-04
2025-06-01 22:12:51,703 - INFO - Epoch 4000: Total=1.14e-02, PDE=1.13e-03, BC=7.21e-05, Data=9.55e-05
2025-06-01 22:13:02,715 - INFO - Epoch 5000: Total=9.57e-03, PDE=8.88e-04, BC=7.99e-05, Data=7.89e-05
2025-06-01 22:13:13,713 - INFO - Epoch 6000: Total=4.59e-03, PDE=6.69e-04, BC=4.91e-05, Data=3.43e-05
2025-06-01 22:13:24,751 - INFO - Epoch 7000: Total=5.91e-03, PDE=5.72e-04, BC=4.13e-05, Data=4.92e-05
2025-06-01 22:13:35,758 - INFO - Epoch 8000: Total=2.81e-03, PDE=4.28e-04, BC=4.79e-05, Data=1.90e-05
2025-06-01 22:13:46,802 - INFO - Epoch 9000: Total=1.80e-03, PDE=3.52e-04, BC=2.92e-05, Data=1.16e-05
2025-06-01 22:13:57,855 - INFO - Epoch 10000: Total=1.69e-03, PDE=2.93e-04, BC=1.57e-05, Data=1.24e-05
2025-06-01 22:14:08,910 - INFO - Epoch 11000: Total=1.11e-03, PDE=2.12e-04, BC=1.98e-05, Data=6.99e-06
2025-06-01 22:14:19,946 - INFO - 逆向模型已保存: ./outputs_pytorch_gaussian/models/inverse_noise_0.000_points_200.pth
2025-06-01 22:14:20,497 - INFO - 完成: MSE=8.32e-02
2025-06-01 22:14:20,497 - INFO - 逆向求解: 噪声=0.000, 点数=400
2025-06-01 22:14:20,499 - INFO - 开始逆向问题求解，测量点数: 400
2025-06-01 22:14:20,513 - INFO - Epoch 0: Total=9.51e+00, PDE=1.11e-02, BC=6.28e-02, Data=8.87e-02
2025-06-01 22:14:31,543 - INFO - Epoch 1000: Total=4.32e-02, PDE=1.06e-02, BC=2.00e-04, Data=3.06e-04
2025-06-01 22:14:42,550 - INFO - Epoch 2000: Total=1.66e-02, PDE=3.71e-03, BC=1.02e-04, Data=1.18e-04
2025-06-01 22:14:53,723 - INFO - Epoch 3000: Total=8.91e-03, PDE=1.17e-03, BC=8.25e-05, Data=6.92e-05
2025-06-01 22:15:04,704 - INFO - Epoch 4000: Total=7.39e-03, PDE=8.85e-04, BC=9.28e-05, Data=5.58e-05
2025-06-01 22:15:15,417 - INFO - Epoch 5000: Total=4.02e-03, PDE=7.69e-04, BC=3.21e-05, Data=2.93e-05
2025-06-01 22:15:24,370 - INFO - Epoch 6000: Total=1.26e-02, PDE=8.18e-04, BC=2.08e-04, Data=9.70e-05
2025-06-01 22:15:35,294 - INFO - Epoch 7000: Total=2.70e-03, PDE=6.09e-04, BC=3.64e-05, Data=1.73e-05
2025-06-01 22:15:46,279 - INFO - Epoch 8000: Total=2.05e-03, PDE=5.14e-04, BC=3.23e-05, Data=1.21e-05
2025-06-01 22:15:57,284 - INFO - Epoch 9000: Total=1.67e-03, PDE=3.85e-04, BC=3.00e-05, Data=9.83e-06
2025-06-01 22:16:08,266 - INFO - Epoch 10000: Total=1.59e-03, PDE=3.09e-04, BC=2.88e-05, Data=9.92e-06
2025-06-01 22:16:19,202 - INFO - Epoch 11000: Total=1.23e-03, PDE=2.54e-04, BC=2.80e-05, Data=6.96e-06
2025-06-01 22:16:30,117 - INFO - 逆向模型已保存: ./outputs_pytorch_gaussian/models/inverse_noise_0.000_points_400.pth
2025-06-01 22:16:30,673 - INFO - 完成: MSE=9.70e-02
2025-06-01 22:16:30,673 - INFO - 逆向求解: 噪声=0.000, 点数=800
2025-06-01 22:16:30,675 - INFO - 开始逆向问题求解，测量点数: 800
2025-06-01 22:16:30,688 - INFO - Epoch 0: Total=1.27e+01, PDE=1.20e-02, BC=1.15e-01, Data=1.15e-01
2025-06-01 22:16:40,861 - INFO - Epoch 1000: Total=7.44e-02, PDE=1.61e-02, BC=5.21e-04, Data=5.31e-04
2025-06-01 22:16:51,638 - INFO - Epoch 2000: Total=3.70e-02, PDE=5.92e-03, BC=3.94e-04, Data=2.72e-04
2025-06-01 22:17:02,581 - INFO - Epoch 3000: Total=1.60e-02, PDE=2.34e-03, BC=1.78e-04, Data=1.19e-04
2025-06-01 22:17:13,490 - INFO - Epoch 4000: Total=4.51e-02, PDE=1.75e-03, BC=4.50e-04, Data=3.89e-04
2025-06-01 22:17:24,188 - INFO - Epoch 5000: Total=9.20e-03, PDE=1.17e-03, BC=1.12e-04, Data=6.91e-05
2025-06-01 22:17:34,827 - INFO - Epoch 6000: Total=5.72e-03, PDE=7.55e-04, BC=6.10e-05, Data=4.35e-05
2025-06-01 22:17:45,746 - INFO - Epoch 7000: Total=4.82e-03, PDE=6.35e-04, BC=7.35e-05, Data=3.45e-05
2025-06-01 22:17:56,677 - INFO - Epoch 8000: Total=3.36e-03, PDE=5.85e-04, BC=4.34e-05, Data=2.34e-05
2025-06-01 22:18:07,622 - INFO - Epoch 9000: Total=3.79e-03, PDE=5.67e-04, BC=4.56e-05, Data=2.76e-05
2025-06-01 22:18:18,383 - INFO - Epoch 10000: Total=2.03e-03, PDE=4.88e-04, BC=3.27e-05, Data=1.21e-05
2025-06-01 22:18:29,252 - INFO - Epoch 11000: Total=1.78e-03, PDE=4.10e-04, BC=3.24e-05, Data=1.05e-05
2025-06-01 22:18:40,284 - INFO - 逆向模型已保存: ./outputs_pytorch_gaussian/models/inverse_noise_0.000_points_800.pth
2025-06-01 22:18:40,837 - INFO - 完成: MSE=1.03e-01
2025-06-01 22:18:40,837 - INFO - 逆向求解: 噪声=0.000, 点数=1500
2025-06-01 22:18:40,839 - INFO - 开始逆向问题求解，测量点数: 1500
2025-06-01 22:18:40,852 - INFO - Epoch 0: Total=7.05e+00, PDE=1.25e-01, BC=1.99e-02, Data=6.73e-02
2025-06-01 22:18:49,612 - INFO - Epoch 1000: Total=7.42e-02, PDE=1.53e-02, BC=4.92e-04, Data=5.40e-04
2025-06-01 22:18:56,879 - INFO - Epoch 2000: Total=2.32e-02, PDE=4.28e-03, BC=1.92e-04, Data=1.70e-04
2025-06-01 22:19:07,841 - INFO - Epoch 3000: Total=1.48e-02, PDE=2.61e-03, BC=5.84e-05, Data=1.16e-04
2025-06-01 22:19:18,766 - INFO - Epoch 4000: Total=6.97e-03, PDE=1.89e-03, BC=3.47e-05, Data=4.73e-05
2025-06-01 22:19:29,809 - INFO - Epoch 5000: Total=6.89e-03, PDE=1.45e-03, BC=4.85e-05, Data=4.95e-05
2025-06-01 22:19:40,780 - INFO - Epoch 6000: Total=5.55e-03, PDE=1.09e-03, BC=2.60e-05, Data=4.20e-05
2025-06-01 22:19:51,690 - INFO - Epoch 7000: Total=6.84e-03, PDE=7.18e-04, BC=8.41e-05, Data=5.28e-05
2025-06-01 22:20:02,681 - INFO - Epoch 8000: Total=3.88e-03, PDE=5.63e-04, BC=2.80e-05, Data=3.04e-05
2025-06-01 22:20:13,658 - INFO - Epoch 9000: Total=2.97e-03, PDE=4.58e-04, BC=4.68e-05, Data=2.05e-05
2025-06-01 22:20:24,612 - INFO - Epoch 10000: Total=1.76e-03, PDE=3.70e-04, BC=3.33e-05, Data=1.06e-05
2025-06-01 22:20:35,385 - INFO - Epoch 11000: Total=1.60e-03, PDE=3.17e-04, BC=2.34e-05, Data=1.05e-05
2025-06-01 22:20:46,196 - INFO - 逆向模型已保存: ./outputs_pytorch_gaussian/models/inverse_noise_0.000_points_1500.pth
2025-06-01 22:20:46,744 - INFO - 完成: MSE=7.35e-02
2025-06-01 22:20:46,744 - INFO - 逆向求解: 噪声=0.010, 点数=200
2025-06-01 22:20:46,746 - INFO - 开始逆向问题求解，测量点数: 200
2025-06-01 22:20:46,758 - INFO - Epoch 0: Total=7.33e+00, PDE=2.57e-03, BC=2.54e-02, Data=7.07e-02
2025-06-01 22:20:57,571 - INFO - Epoch 1000: Total=8.77e-02, PDE=1.82e-02, BC=3.51e-04, Data=6.59e-04
2025-06-01 22:21:08,605 - INFO - Epoch 2000: Total=1.56e-01, PDE=8.15e-03, BC=1.97e-03, Data=1.28e-03
2025-06-01 22:21:19,609 - INFO - Epoch 3000: Total=3.49e-02, PDE=4.74e-03, BC=1.39e-04, Data=2.88e-04
2025-06-01 22:21:30,466 - INFO - Epoch 4000: Total=2.15e-02, PDE=2.70e-03, BC=4.39e-05, Data=1.84e-04
2025-06-01 22:21:41,444 - INFO - Epoch 5000: Total=1.84e-02, PDE=1.61e-03, BC=1.54e-04, Data=1.52e-04
2025-06-01 22:21:52,436 - INFO - Epoch 6000: Total=1.94e-02, PDE=1.28e-03, BC=1.98e-04, Data=1.62e-04
2025-06-01 22:22:03,439 - INFO - Epoch 7000: Total=2.55e-02, PDE=1.00e-03, BC=1.82e-04, Data=2.27e-04
2025-06-01 22:22:14,403 - INFO - Epoch 8000: Total=1.21e-02, PDE=5.94e-04, BC=9.09e-05, Data=1.06e-04
2025-06-01 22:22:21,543 - INFO - Epoch 9000: Total=1.11e-02, PDE=4.71e-04, BC=5.89e-05, Data=1.01e-04
2025-06-01 22:22:32,176 - INFO - Epoch 10000: Total=1.08e-02, PDE=4.02e-04, BC=6.92e-05, Data=9.67e-05
2025-06-01 22:22:43,128 - INFO - Epoch 11000: Total=1.04e-02, PDE=3.75e-04, BC=7.43e-05, Data=9.25e-05
2025-06-01 22:22:51,895 - INFO - 逆向模型已保存: ./outputs_pytorch_gaussian/models/inverse_noise_0.010_points_200.pth
2025-06-01 22:22:52,585 - INFO - 完成: MSE=1.28e-01
2025-06-01 22:22:52,586 - INFO - 逆向求解: 噪声=0.010, 点数=400
2025-06-01 22:22:52,588 - INFO - 开始逆向问题求解，测量点数: 400
2025-06-01 22:22:52,596 - INFO - Epoch 0: Total=6.51e+00, PDE=1.49e-01, BC=8.14e-03, Data=6.28e-02
2025-06-01 22:23:01,913 - INFO - Epoch 1000: Total=7.10e-02, PDE=1.30e-02, BC=2.85e-04, Data=5.52e-04
2025-06-01 22:23:12,971 - INFO - Epoch 2000: Total=8.02e-02, PDE=4.83e-03, BC=6.85e-04, Data=6.85e-04
2025-06-01 22:23:24,052 - INFO - Epoch 3000: Total=2.23e-02, PDE=2.08e-03, BC=6.82e-05, Data=1.96e-04
2025-06-01 22:23:33,743 - INFO - Epoch 4000: Total=1.64e-02, PDE=1.22e-03, BC=3.89e-05, Data=1.48e-04
2025-06-01 22:23:44,792 - INFO - Epoch 5000: Total=1.53e-02, PDE=8.31e-04, BC=1.11e-04, Data=1.34e-04
2025-06-01 22:23:55,604 - INFO - Epoch 6000: Total=1.29e-02, PDE=6.43e-04, BC=6.37e-05, Data=1.16e-04
2025-06-01 22:24:05,030 - INFO - Epoch 7000: Total=1.29e-02, PDE=5.38e-04, BC=6.89e-05, Data=1.16e-04
2025-06-01 22:24:15,732 - INFO - Epoch 8000: Total=1.20e-02, PDE=4.29e-04, BC=6.23e-05, Data=1.10e-04
2025-06-01 22:24:26,751 - INFO - Epoch 9000: Total=1.16e-02, PDE=3.71e-04, BC=3.23e-05, Data=1.09e-04
2025-06-01 22:24:37,789 - INFO - Epoch 10000: Total=1.09e-02, PDE=3.17e-04, BC=3.49e-05, Data=1.03e-04
2025-06-01 22:24:48,813 - INFO - Epoch 11000: Total=1.06e-02, PDE=2.76e-04, BC=3.72e-05, Data=9.94e-05
2025-06-01 22:24:59,827 - INFO - 逆向模型已保存: ./outputs_pytorch_gaussian/models/inverse_noise_0.010_points_400.pth
2025-06-01 22:25:00,394 - INFO - 完成: MSE=9.35e-02
2025-06-01 22:25:00,394 - INFO - 逆向求解: 噪声=0.010, 点数=800
2025-06-01 22:25:00,396 - INFO - 开始逆向问题求解，测量点数: 800
2025-06-01 22:25:00,408 - INFO - Epoch 0: Total=8.26e+00, PDE=7.23e-02, BC=3.97e-02, Data=7.79e-02
2025-06-01 22:25:10,404 - INFO - Epoch 1000: Total=1.06e-01, PDE=1.37e-02, BC=7.84e-04, Data=8.41e-04
2025-06-01 22:25:21,434 - INFO - Epoch 2000: Total=6.21e-02, PDE=5.94e-03, BC=4.83e-04, Data=5.13e-04
2025-06-01 22:25:32,408 - INFO - Epoch 3000: Total=2.57e-02, PDE=2.60e-03, BC=1.66e-04, Data=2.15e-04
2025-06-01 22:25:42,896 - INFO - Epoch 4000: Total=1.95e-02, PDE=1.63e-03, BC=1.02e-04, Data=1.68e-04
2025-06-01 22:25:53,898 - INFO - Epoch 5000: Total=1.67e-02, PDE=1.04e-03, BC=5.38e-05, Data=1.51e-04
2025-06-01 22:26:04,824 - INFO - Epoch 6000: Total=1.45e-02, PDE=7.70e-04, BC=1.04e-04, Data=1.27e-04
2025-06-01 22:26:15,804 - INFO - Epoch 7000: Total=1.24e-02, PDE=6.21e-04, BC=6.53e-05, Data=1.11e-04
2025-06-01 22:26:26,801 - INFO - Epoch 8000: Total=1.27e-02, PDE=5.54e-04, BC=8.90e-05, Data=1.12e-04
2025-06-01 22:26:37,801 - INFO - Epoch 9000: Total=1.11e-02, PDE=4.92e-04, BC=3.48e-05, Data=1.02e-04
2025-06-01 22:26:48,818 - INFO - Epoch 10000: Total=1.06e-02, PDE=4.45e-04, BC=2.41e-05, Data=9.87e-05
2025-06-01 22:26:59,653 - INFO - Epoch 11000: Total=1.02e-02, PDE=4.02e-04, BC=3.07e-05, Data=9.51e-05
2025-06-01 22:27:10,499 - INFO - 逆向模型已保存: ./outputs_pytorch_gaussian/models/inverse_noise_0.010_points_800.pth
2025-06-01 22:27:11,067 - INFO - 完成: MSE=8.33e-02
2025-06-01 22:27:11,067 - INFO - 逆向求解: 噪声=0.010, 点数=1500
2025-06-01 22:27:11,069 - INFO - 开始逆向问题求解，测量点数: 1500
2025-06-01 22:27:11,081 - INFO - Epoch 0: Total=9.56e+00, PDE=1.04e-01, BC=6.59e-02, Data=8.79e-02
2025-06-01 22:27:21,985 - INFO - Epoch 1000: Total=9.54e-02, PDE=1.86e-02, BC=5.89e-04, Data=7.08e-04
2025-06-01 22:27:33,029 - INFO - Epoch 2000: Total=3.83e-02, PDE=6.76e-03, BC=1.10e-04, Data=3.04e-04
2025-06-01 22:27:43,837 - INFO - Epoch 3000: Total=2.59e-02, PDE=2.02e-03, BC=1.85e-05, Data=2.37e-04
2025-06-01 22:27:54,862 - INFO - Epoch 4000: Total=2.22e-02, PDE=1.40e-03, BC=2.17e-05, Data=2.06e-04
2025-06-01 22:28:05,869 - INFO - Epoch 5000: Total=1.61e-02, PDE=1.00e-03, BC=5.80e-05, Data=1.45e-04
2025-06-01 22:28:16,865 - INFO - Epoch 6000: Total=1.71e-02, PDE=7.67e-04, BC=9.15e-05, Data=1.55e-04
2025-06-01 22:28:27,793 - INFO - Epoch 7000: Total=1.69e-02, PDE=6.66e-04, BC=4.48e-05, Data=1.58e-04
2025-06-01 22:28:38,759 - INFO - Epoch 8000: Total=1.38e-02, PDE=5.37e-04, BC=7.02e-05, Data=1.25e-04
2025-06-01 22:28:49,738 - INFO - Epoch 9000: Total=1.54e-02, PDE=5.37e-04, BC=1.13e-04, Data=1.38e-04
2025-06-01 22:29:00,769 - INFO - Epoch 10000: Total=1.25e-02, PDE=4.14e-04, BC=5.01e-05, Data=1.15e-04
2025-06-01 22:29:11,785 - INFO - Epoch 11000: Total=1.19e-02, PDE=3.55e-04, BC=2.93e-05, Data=1.12e-04
2025-06-01 22:29:22,775 - INFO - 逆向模型已保存: ./outputs_pytorch_gaussian/models/inverse_noise_0.010_points_1500.pth
2025-06-01 22:29:23,325 - INFO - 完成: MSE=1.01e-01
2025-06-01 22:29:23,325 - INFO - 逆向求解: 噪声=0.020, 点数=200
2025-06-01 22:29:23,326 - INFO - 开始逆向问题求解，测量点数: 200
2025-06-01 22:29:23,340 - INFO - Epoch 0: Total=7.45e+00, PDE=1.62e-02, BC=1.69e-02, Data=7.27e-02
2025-06-01 22:29:34,247 - INFO - Epoch 1000: Total=9.78e-02, PDE=1.38e-02, BC=4.91e-04, Data=7.90e-04
2025-06-01 22:29:45,186 - INFO - Epoch 2000: Total=5.03e-02, PDE=3.45e-03, BC=2.15e-04, Data=4.47e-04
2025-06-01 22:29:56,029 - INFO - Epoch 3000: Total=4.35e-02, PDE=1.48e-03, BC=2.41e-04, Data=3.96e-04
2025-06-01 22:30:06,845 - INFO - Epoch 4000: Total=4.36e-02, PDE=8.73e-04, BC=2.21e-04, Data=4.05e-04
2025-06-01 22:30:17,776 - INFO - Epoch 5000: Total=3.76e-02, PDE=6.44e-04, BC=1.65e-04, Data=3.53e-04
2025-06-01 22:30:28,719 - INFO - Epoch 6000: Total=3.50e-02, PDE=5.19e-04, BC=1.18e-04, Data=3.33e-04
2025-06-01 22:30:39,636 - INFO - Epoch 7000: Total=3.41e-02, PDE=4.56e-04, BC=1.12e-04, Data=3.25e-04
2025-06-01 22:30:50,546 - INFO - Epoch 8000: Total=3.38e-02, PDE=4.30e-04, BC=9.62e-05, Data=3.24e-04
2025-06-01 22:31:01,495 - INFO - Epoch 9000: Total=3.32e-02, PDE=3.98e-04, BC=8.83e-05, Data=3.19e-04
2025-06-01 22:31:12,406 - INFO - Epoch 10000: Total=3.26e-02, PDE=3.56e-04, BC=8.81e-05, Data=3.13e-04
2025-06-01 22:31:23,252 - INFO - Epoch 11000: Total=3.21e-02, PDE=3.10e-04, BC=7.72e-05, Data=3.10e-04
2025-06-01 22:31:34,208 - INFO - 逆向模型已保存: ./outputs_pytorch_gaussian/models/inverse_noise_0.020_points_200.pth
2025-06-01 22:31:34,772 - INFO - 完成: MSE=3.55e-01
2025-06-01 22:31:34,772 - INFO - 逆向求解: 噪声=0.020, 点数=400
2025-06-01 22:31:34,773 - INFO - 开始逆向问题求解，测量点数: 400
2025-06-01 22:31:34,785 - INFO - Epoch 0: Total=7.61e+00, PDE=7.79e-04, BC=3.65e-02, Data=7.25e-02
2025-06-01 22:31:45,674 - INFO - Epoch 1000: Total=1.02e-01, PDE=1.07e-02, BC=5.52e-04, Data=8.54e-04
2025-06-01 22:31:56,610 - INFO - Epoch 2000: Total=5.06e-02, PDE=3.49e-03, BC=6.21e-05, Data=4.65e-04
2025-06-01 22:32:05,534 - INFO - Epoch 3000: Total=4.76e-02, PDE=2.06e-03, BC=6.15e-05, Data=4.49e-04
2025-06-01 22:32:14,723 - INFO - Epoch 4000: Total=4.29e-02, PDE=1.46e-03, BC=1.34e-04, Data=4.01e-04
2025-06-01 22:32:24,687 - INFO - Epoch 5000: Total=4.02e-02, PDE=1.09e-03, BC=1.03e-04, Data=3.81e-04
2025-06-01 22:32:35,521 - INFO - Epoch 6000: Total=4.02e-02, PDE=8.36e-04, BC=9.27e-05, Data=3.85e-04
2025-06-01 22:32:46,202 - INFO - Epoch 7000: Total=3.83e-02, PDE=6.42e-04, BC=1.14e-04, Data=3.66e-04
2025-06-01 22:32:56,980 - INFO - Epoch 8000: Total=3.87e-02, PDE=5.59e-04, BC=7.27e-05, Data=3.75e-04
2025-06-01 22:33:02,965 - INFO - Epoch 9000: Total=3.70e-02, PDE=4.70e-04, BC=8.87e-05, Data=3.56e-04
2025-06-01 22:33:08,014 - INFO - Epoch 10000: Total=3.65e-02, PDE=4.33e-04, BC=8.49e-05, Data=3.53e-04
2025-06-01 22:33:13,064 - INFO - Epoch 11000: Total=3.61e-02, PDE=4.05e-04, BC=8.83e-05, Data=3.48e-04
2025-06-01 22:33:21,292 - INFO - 逆向模型已保存: ./outputs_pytorch_gaussian/models/inverse_noise_0.020_points_400.pth
2025-06-01 22:33:21,993 - INFO - 完成: MSE=1.45e-01
2025-06-01 22:33:21,993 - INFO - 逆向求解: 噪声=0.020, 点数=800
2025-06-01 22:33:21,995 - INFO - 开始逆向问题求解，测量点数: 800
2025-06-01 22:33:22,009 - INFO - Epoch 0: Total=1.28e+01, PDE=7.53e-03, BC=1.11e-01, Data=1.17e-01
2025-06-01 22:33:32,963 - INFO - Epoch 1000: Total=1.11e-01, PDE=1.59e-02, BC=1.97e-04, Data=9.34e-04
2025-06-01 22:33:43,841 - INFO - Epoch 2000: Total=8.17e-02, PDE=5.56e-03, BC=4.86e-04, Data=7.13e-04
2025-06-01 22:33:54,755 - INFO - Epoch 3000: Total=5.42e-02, PDE=2.00e-03, BC=1.72e-04, Data=5.05e-04
2025-06-01 22:34:05,672 - INFO - Epoch 4000: Total=4.77e-02, PDE=1.04e-03, BC=1.09e-04, Data=4.56e-04
2025-06-01 22:34:16,583 - INFO - Epoch 5000: Total=4.46e-02, PDE=8.25e-04, BC=6.91e-05, Data=4.31e-04
2025-06-01 22:34:23,829 - INFO - Epoch 6000: Total=4.37e-02, PDE=8.15e-04, BC=3.22e-05, Data=4.26e-04
2025-06-01 22:34:33,413 - INFO - Epoch 7000: Total=4.23e-02, PDE=7.48e-04, BC=5.95e-05, Data=4.09e-04
2025-06-01 22:34:44,393 - INFO - Epoch 8000: Total=4.13e-02, PDE=6.64e-04, BC=3.80e-05, Data=4.03e-04
2025-06-01 22:34:55,365 - INFO - Epoch 9000: Total=4.06e-02, PDE=5.86e-04, BC=4.34e-05, Data=3.96e-04
2025-06-01 22:35:06,258 - INFO - Epoch 10000: Total=4.00e-02, PDE=5.00e-04, BC=4.21e-05, Data=3.90e-04
2025-06-01 22:35:17,190 - INFO - Epoch 11000: Total=3.95e-02, PDE=4.36e-04, BC=4.20e-05, Data=3.86e-04
2025-06-01 22:35:28,146 - INFO - 逆向模型已保存: ./outputs_pytorch_gaussian/models/inverse_noise_0.020_points_800.pth
2025-06-01 22:35:28,693 - INFO - 完成: MSE=1.19e-01
2025-06-01 22:35:28,693 - INFO - 逆向求解: 噪声=0.020, 点数=1500
2025-06-01 22:35:28,694 - INFO - 开始逆向问题求解，测量点数: 1500
2025-06-01 22:35:28,708 - INFO - Epoch 0: Total=1.53e+01, PDE=1.13e-01, BC=1.48e-01, Data=1.37e-01
2025-06-01 22:35:39,619 - INFO - Epoch 1000: Total=1.24e-01, PDE=1.66e-02, BC=4.09e-04, Data=1.03e-03
2025-06-01 22:35:50,578 - INFO - Epoch 2000: Total=7.05e-02, PDE=7.50e-03, BC=2.10e-04, Data=6.09e-04
2025-06-01 22:36:01,558 - INFO - Epoch 3000: Total=5.39e-02, PDE=3.22e-03, BC=8.52e-05, Data=4.98e-04
2025-06-01 22:36:12,553 - INFO - Epoch 4000: Total=4.84e-02, PDE=1.85e-03, BC=1.69e-04, Data=4.48e-04
2025-06-01 22:36:23,475 - INFO - Epoch 5000: Total=4.50e-02, PDE=8.85e-04, BC=1.00e-04, Data=4.31e-04
2025-06-01 22:36:34,443 - INFO - Epoch 6000: Total=4.24e-02, PDE=6.00e-04, BC=4.39e-05, Data=4.14e-04
2025-06-01 22:36:45,439 - INFO - Epoch 7000: Total=4.23e-02, PDE=5.11e-04, BC=1.03e-04, Data=4.08e-04
2025-06-01 22:36:56,454 - INFO - Epoch 8000: Total=4.09e-02, PDE=4.18e-04, BC=7.84e-05, Data=3.97e-04
2025-06-01 22:37:07,439 - INFO - Epoch 9000: Total=4.01e-02, PDE=3.52e-04, BC=7.11e-05, Data=3.90e-04
2025-06-01 22:37:18,425 - INFO - Epoch 10000: Total=3.94e-02, PDE=3.15e-04, BC=4.94e-05, Data=3.86e-04
2025-06-01 22:37:29,433 - INFO - Epoch 11000: Total=3.91e-02, PDE=2.83e-04, BC=4.31e-05, Data=3.84e-04
2025-06-01 22:37:40,449 - INFO - 逆向模型已保存: ./outputs_pytorch_gaussian/models/inverse_noise_0.020_points_1500.pth
2025-06-01 22:37:41,001 - INFO - 完成: MSE=9.42e-02
2025-06-01 22:37:41,002 - INFO - 逆向求解: 噪声=0.050, 点数=200
2025-06-01 22:37:41,003 - INFO - 开始逆向问题求解，测量点数: 200
2025-06-01 22:37:41,015 - INFO - Epoch 0: Total=7.91e+00, PDE=4.37e-02, BC=3.19e-02, Data=7.55e-02
2025-06-01 22:37:51,896 - INFO - Epoch 1000: Total=2.84e-01, PDE=1.25e-02, BC=7.46e-04, Data=2.64e-03
2025-06-01 22:38:02,784 - INFO - Epoch 2000: Total=2.52e-01, PDE=4.35e-03, BC=1.08e-03, Data=2.37e-03
2025-06-01 22:38:13,662 - INFO - Epoch 3000: Total=2.35e-01, PDE=2.60e-03, BC=1.01e-03, Data=2.22e-03
2025-06-01 22:38:24,587 - INFO - Epoch 4000: Total=2.31e-01, PDE=2.07e-03, BC=1.07e-03, Data=2.18e-03
2025-06-01 22:38:35,507 - INFO - Epoch 5000: Total=2.21e-01, PDE=1.63e-03, BC=8.11e-04, Data=2.11e-03
2025-06-01 22:38:46,246 - INFO - Epoch 6000: Total=2.18e-01, PDE=1.51e-03, BC=7.23e-04, Data=2.09e-03
2025-06-01 22:38:56,972 - INFO - Epoch 7000: Total=2.20e-01, PDE=1.84e-03, BC=1.02e-03, Data=2.08e-03
2025-06-01 22:39:07,850 - INFO - Epoch 8000: Total=2.14e-01, PDE=1.43e-03, BC=7.13e-04, Data=2.05e-03
2025-06-01 22:39:18,751 - INFO - Epoch 9000: Total=2.12e-01, PDE=1.46e-03, BC=7.86e-04, Data=2.03e-03
2025-06-01 22:39:29,725 - INFO - Epoch 10000: Total=2.10e-01, PDE=1.39e-03, BC=8.90e-04, Data=1.99e-03
2025-06-01 22:39:40,626 - INFO - Epoch 11000: Total=2.08e-01, PDE=1.28e-03, BC=7.93e-04, Data=1.98e-03
2025-06-01 22:39:51,431 - INFO - 逆向模型已保存: ./outputs_pytorch_gaussian/models/inverse_noise_0.050_points_200.pth
2025-06-01 22:39:51,982 - INFO - 完成: MSE=1.96e+00
2025-06-01 22:39:51,983 - INFO - 逆向求解: 噪声=0.050, 点数=400
2025-06-01 22:39:51,984 - INFO - 开始逆向问题求解，测量点数: 400
2025-06-01 22:39:51,997 - INFO - Epoch 0: Total=7.85e+00, PDE=3.27e-02, BC=3.66e-02, Data=7.45e-02
2025-06-01 22:40:02,741 - INFO - Epoch 1000: Total=3.03e-01, PDE=9.86e-03, BC=5.47e-04, Data=2.88e-03
2025-06-01 22:40:13,374 - INFO - Epoch 2000: Total=2.70e-01, PDE=4.63e-03, BC=2.06e-04, Data=2.63e-03
2025-06-01 22:40:24,108 - INFO - Epoch 3000: Total=2.86e-01, PDE=2.57e-03, BC=4.14e-04, Data=2.79e-03
2025-06-01 22:40:34,929 - INFO - Epoch 4000: Total=2.50e-01, PDE=1.53e-03, BC=1.28e-04, Data=2.47e-03
2025-06-01 22:40:45,731 - INFO - Epoch 5000: Total=2.49e-01, PDE=1.22e-03, BC=2.03e-04, Data=2.46e-03
2025-06-01 22:40:56,565 - INFO - Epoch 6000: Total=2.45e-01, PDE=1.05e-03, BC=1.37e-04, Data=2.43e-03
2025-06-01 22:41:07,416 - INFO - Epoch 7000: Total=2.42e-01, PDE=8.40e-04, BC=1.34e-04, Data=2.40e-03
2025-06-01 22:41:18,249 - INFO - Epoch 8000: Total=2.41e-01, PDE=7.38e-04, BC=1.67e-04, Data=2.39e-03
2025-06-01 22:41:28,978 - INFO - Epoch 9000: Total=2.40e-01, PDE=6.61e-04, BC=1.56e-04, Data=2.38e-03
2025-06-01 22:41:39,730 - INFO - Epoch 10000: Total=2.39e-01, PDE=6.77e-04, BC=1.84e-04, Data=2.37e-03
2025-06-01 22:41:50,571 - INFO - Epoch 11000: Total=2.38e-01, PDE=7.14e-04, BC=1.63e-04, Data=2.36e-03
2025-06-01 22:42:01,301 - INFO - 逆向模型已保存: ./outputs_pytorch_gaussian/models/inverse_noise_0.050_points_400.pth
2025-06-01 22:42:01,844 - INFO - 完成: MSE=7.58e-01
2025-06-01 22:42:01,844 - INFO - 逆向求解: 噪声=0.050, 点数=800
2025-06-01 22:42:01,846 - INFO - 开始逆向问题求解，测量点数: 800
2025-06-01 22:42:01,859 - INFO - Epoch 0: Total=8.85e+00, PDE=4.03e-02, BC=5.28e-02, Data=8.28e-02
2025-06-01 22:42:12,477 - INFO - Epoch 1000: Total=3.34e-01, PDE=1.38e-02, BC=6.24e-04, Data=3.14e-03
2025-06-01 22:42:23,260 - INFO - Epoch 2000: Total=2.77e-01, PDE=5.40e-03, BC=1.55e-04, Data=2.70e-03
2025-06-01 22:42:33,887 - INFO - Epoch 3000: Total=2.91e-01, PDE=3.02e-03, BC=3.10e-04, Data=2.85e-03
2025-06-01 22:42:44,746 - INFO - Epoch 4000: Total=2.59e-01, PDE=1.56e-03, BC=1.21e-04, Data=2.56e-03
2025-06-01 22:42:55,597 - INFO - Epoch 5000: Total=2.56e-01, PDE=1.02e-03, BC=1.41e-04, Data=2.53e-03
2025-06-01 22:43:06,454 - INFO - Epoch 6000: Total=2.55e-01, PDE=9.01e-04, BC=1.17e-04, Data=2.53e-03
2025-06-01 22:43:17,298 - INFO - Epoch 7000: Total=2.52e-01, PDE=8.54e-04, BC=7.85e-05, Data=2.51e-03
2025-06-01 22:43:28,054 - INFO - Epoch 8000: Total=2.51e-01, PDE=8.15e-04, BC=9.69e-05, Data=2.49e-03
2025-06-01 22:43:38,833 - INFO - Epoch 9000: Total=2.51e-01, PDE=8.13e-04, BC=7.71e-05, Data=2.49e-03
2025-06-01 22:43:49,686 - INFO - Epoch 10000: Total=2.50e-01, PDE=7.84e-04, BC=7.70e-05, Data=2.48e-03
2025-06-01 22:44:00,434 - INFO - Epoch 11000: Total=2.50e-01, PDE=7.51e-04, BC=7.34e-05, Data=2.48e-03
2025-06-01 22:44:11,294 - INFO - 逆向模型已保存: ./outputs_pytorch_gaussian/models/inverse_noise_0.050_points_800.pth
2025-06-01 22:44:11,950 - INFO - 完成: MSE=2.39e-01
2025-06-01 22:44:11,950 - INFO - 逆向求解: 噪声=0.050, 点数=1500
2025-06-01 22:44:11,952 - INFO - 开始逆向问题求解，测量点数: 1500
2025-06-01 22:44:11,966 - INFO - Epoch 0: Total=6.16e+00, PDE=5.21e-03, BC=8.46e-03, Data=6.07e-02
2025-06-01 22:44:22,921 - INFO - Epoch 1000: Total=3.20e-01, PDE=1.58e-02, BC=4.76e-04, Data=3.00e-03
2025-06-01 22:44:33,839 - INFO - Epoch 2000: Total=2.79e-01, PDE=5.83e-03, BC=3.38e-04, Data=2.70e-03
2025-06-01 22:44:44,807 - INFO - Epoch 3000: Total=2.57e-01, PDE=1.61e-03, BC=1.16e-04, Data=2.54e-03
2025-06-01 22:44:55,618 - INFO - Epoch 4000: Total=2.54e-01, PDE=1.01e-03, BC=5.75e-05, Data=2.53e-03
2025-06-01 22:45:06,493 - INFO - Epoch 5000: Total=2.52e-01, PDE=8.71e-04, BC=1.04e-04, Data=2.50e-03
2025-06-01 22:45:17,460 - INFO - Epoch 6000: Total=2.50e-01, PDE=7.64e-04, BC=1.01e-04, Data=2.48e-03
2025-06-01 22:45:28,451 - INFO - Epoch 7000: Total=2.49e-01, PDE=7.01e-04, BC=6.47e-05, Data=2.48e-03
2025-06-01 22:45:39,439 - INFO - Epoch 8000: Total=2.50e-01, PDE=6.20e-04, BC=9.69e-05, Data=2.48e-03
2025-06-01 22:45:50,439 - INFO - Epoch 9000: Total=2.48e-01, PDE=5.52e-04, BC=7.51e-05, Data=2.47e-03
2025-06-01 22:46:01,440 - INFO - Epoch 10000: Total=2.47e-01, PDE=4.75e-04, BC=6.65e-05, Data=2.46e-03
2025-06-01 22:46:12,439 - INFO - Epoch 11000: Total=2.47e-01, PDE=4.10e-04, BC=7.47e-05, Data=2.46e-03
2025-06-01 22:46:23,443 - INFO - 逆向模型已保存: ./outputs_pytorch_gaussian/models/inverse_noise_0.050_points_1500.pth
2025-06-01 22:46:23,991 - INFO - 完成: MSE=2.74e-01
2025-06-01 22:46:23,991 - INFO - 实验完成，总耗时: 2176.16秒
