2025-06-01 23:08:28,766 - INFO - PINN静电学实验开始
2025-06-01 23:08:28,766 - INFO - 使用设备: cuda
2025-06-01 23:08:28,766 - INFO - PyTorch版本: 2.7.0+cu126
2025-06-01 23:08:28,902 - INFO - 模型参数量: 8577
2025-06-01 23:08:28,903 - INFO - 开始正向问题训练（高效版）
2025-06-01 23:08:29,718 - INFO - 使用兼容模式的学习率调度器
2025-06-01 23:08:30,081 - INFO - Epoch 0: Loss=8.26e+00, PDE=7.77e+00, BC=4.92e-02, LR=1.00e-03
2025-06-01 23:08:37,108 - INFO - Epoch 1000: Loss=7.82e-01, PDE=7.79e-01, BC=2.43e-04, LR=1.00e-03
2025-06-01 23:08:46,835 - INFO - Epoch 2000: Loss=6.66e-01, PDE=6.64e-01, BC=1.82e-04, LR=1.00e-03
2025-06-01 23:08:56,535 - INFO - Epoch 3000: Loss=5.27e-01, PDE=5.26e-01, BC=1.19e-04, LR=1.00e-03
2025-06-01 23:09:06,238 - INFO - Epoch 4000: Loss=4.34e-01, PDE=4.33e-01, BC=9.83e-05, LR=1.00e-03
2025-06-01 23:09:15,932 - INFO - Epoch 5000: Loss=3.52e-01, PDE=3.51e-01, BC=6.24e-05, LR=1.00e-03
2025-06-01 23:09:25,641 - INFO - Epoch 6000: Loss=3.14e-01, PDE=3.13e-01, BC=4.68e-05, LR=1.00e-03
2025-06-01 23:09:35,338 - INFO - Epoch 7000: Loss=2.87e-01, PDE=2.86e-01, BC=4.81e-05, LR=1.00e-03
2025-06-01 23:09:45,033 - INFO - Epoch 8000: Loss=2.61e-01, PDE=2.61e-01, BC=5.57e-05, LR=1.00e-03
2025-06-01 23:09:54,731 - INFO - Epoch 9000: Loss=2.45e-01, PDE=2.44e-01, BC=1.08e-04, LR=1.00e-03
2025-06-01 23:10:04,436 - INFO - Epoch 10000: Loss=2.21e-01, PDE=2.20e-01, BC=8.70e-05, LR=1.00e-03
2025-06-01 23:10:14,125 - INFO - Epoch 11000: Loss=2.08e-01, PDE=2.07e-01, BC=5.29e-05, LR=1.00e-03
2025-06-01 23:10:23,770 - INFO - 训练完成，耗时: 114.87秒
2025-06-01 23:10:23,789 - INFO - 模型已保存: ./outputs_pytorch_ring/models/forward_ring.pth
2025-06-01 23:10:24,231 - INFO - 逆向求解: 噪声=0.000, 点数=200
2025-06-01 23:10:24,670 - INFO - 开始逆向问题求解，测量点数: 200
2025-06-01 23:10:24,679 - INFO - Epoch 0: Total=1.09e+01, PDE=5.28e-03, BC=2.55e-04, Data=1.09e-01
2025-06-01 23:10:34,993 - INFO - Epoch 1000: Total=8.26e-02, PDE=7.19e-03, BC=1.14e-03, Data=6.40e-04
2025-06-01 23:10:45,503 - INFO - Epoch 2000: Total=6.49e-02, PDE=5.61e-03, BC=1.45e-04, Data=5.78e-04
2025-06-01 23:10:56,081 - INFO - Epoch 3000: Total=4.99e-02, PDE=3.54e-03, BC=2.60e-04, Data=4.37e-04
2025-06-01 23:11:06,589 - INFO - Epoch 4000: Total=4.54e-02, PDE=2.78e-03, BC=1.86e-04, Data=4.07e-04
2025-06-01 23:11:17,099 - INFO - Epoch 5000: Total=3.96e-02, PDE=2.30e-03, BC=1.19e-04, Data=3.61e-04
2025-06-01 23:11:27,602 - INFO - Epoch 6000: Total=3.22e-02, PDE=1.75e-03, BC=2.63e-05, Data=3.01e-04
2025-06-01 23:11:38,117 - INFO - Epoch 7000: Total=3.24e-02, PDE=1.41e-03, BC=4.17e-05, Data=3.06e-04
2025-06-01 23:11:48,662 - INFO - Epoch 8000: Total=8.50e-02, PDE=1.61e-03, BC=8.16e-04, Data=7.52e-04
2025-06-01 23:11:59,273 - INFO - Epoch 9000: Total=3.00e-02, PDE=1.30e-03, BC=6.10e-05, Data=2.81e-04
2025-06-01 23:12:09,949 - INFO - Epoch 10000: Total=2.65e-02, PDE=1.27e-03, BC=3.76e-05, Data=2.48e-04
2025-06-01 23:12:20,465 - INFO - Epoch 11000: Total=2.51e-02, PDE=1.24e-03, BC=3.89e-05, Data=2.34e-04
2025-06-01 23:12:31,028 - INFO - 逆向模型已保存: ./outputs_pytorch_ring/models/inverse_noise_0.000_points_200.pth
2025-06-01 23:12:31,594 - INFO - 完成: MSE=4.68e+00
2025-06-01 23:12:31,594 - INFO - 逆向求解: 噪声=0.000, 点数=400
2025-06-01 23:12:31,596 - INFO - 开始逆向问题求解，测量点数: 400
2025-06-01 23:12:31,609 - INFO - Epoch 0: Total=1.21e+01, PDE=1.28e-02, BC=1.80e-02, Data=1.19e-01
2025-06-01 23:12:42,204 - INFO - Epoch 1000: Total=8.20e-02, PDE=9.20e-03, BC=9.61e-04, Data=6.32e-04
2025-06-01 23:12:52,808 - INFO - Epoch 2000: Total=4.86e-02, PDE=4.20e-03, BC=3.97e-05, Data=4.40e-04
2025-06-01 23:13:03,485 - INFO - Epoch 3000: Total=3.90e-02, PDE=3.42e-03, BC=5.88e-05, Data=3.50e-04
2025-06-01 23:13:14,032 - INFO - Epoch 4000: Total=4.16e-02, PDE=2.48e-03, BC=1.71e-04, Data=3.74e-04
2025-06-01 23:13:24,699 - INFO - Epoch 5000: Total=5.88e-02, PDE=1.88e-03, BC=3.53e-04, Data=5.34e-04
2025-06-01 23:13:35,271 - INFO - Epoch 6000: Total=3.31e-02, PDE=1.71e-03, BC=8.70e-05, Data=3.06e-04
2025-06-01 23:13:45,781 - INFO - Epoch 7000: Total=3.07e-02, PDE=1.64e-03, BC=6.13e-05, Data=2.85e-04
2025-06-01 23:13:56,245 - INFO - Epoch 8000: Total=3.00e-02, PDE=1.59e-03, BC=5.96e-05, Data=2.78e-04
2025-06-01 23:14:06,676 - INFO - Epoch 9000: Total=3.00e-02, PDE=1.50e-03, BC=3.90e-05, Data=2.81e-04
2025-06-01 23:14:17,147 - INFO - Epoch 10000: Total=2.77e-02, PDE=1.41e-03, BC=4.94e-05, Data=2.58e-04
2025-06-01 23:14:27,636 - INFO - Epoch 11000: Total=2.77e-02, PDE=1.38e-03, BC=7.73e-05, Data=2.55e-04
2025-06-01 23:14:37,028 - INFO - 逆向模型已保存: ./outputs_pytorch_ring/models/inverse_noise_0.000_points_400.pth
2025-06-01 23:14:37,586 - INFO - 完成: MSE=4.75e+00
2025-06-01 23:14:37,586 - INFO - 逆向求解: 噪声=0.000, 点数=800
2025-06-01 23:14:37,589 - INFO - 开始逆向问题求解，测量点数: 800
2025-06-01 23:14:37,603 - INFO - Epoch 0: Total=1.25e+01, PDE=4.84e-02, BC=2.98e-02, Data=1.21e-01
2025-06-01 23:14:48,062 - INFO - Epoch 1000: Total=6.97e-02, PDE=8.14e-03, BC=1.71e-04, Data=5.98e-04
2025-06-01 23:14:58,516 - INFO - Epoch 2000: Total=5.21e-02, PDE=4.53e-03, BC=3.94e-05, Data=4.71e-04
2025-06-01 23:15:09,042 - INFO - Epoch 3000: Total=4.24e-02, PDE=3.23e-03, BC=1.58e-04, Data=3.76e-04
2025-06-01 23:15:19,570 - INFO - Epoch 4000: Total=3.94e-02, PDE=2.43e-03, BC=1.12e-04, Data=3.59e-04
2025-06-01 23:15:30,147 - INFO - Epoch 5000: Total=3.98e-02, PDE=1.91e-03, BC=1.10e-04, Data=3.68e-04
2025-06-01 23:15:40,639 - INFO - Epoch 6000: Total=3.78e-02, PDE=1.54e-03, BC=1.06e-04, Data=3.52e-04
2025-06-01 23:15:51,115 - INFO - Epoch 7000: Total=3.08e-02, PDE=1.12e-03, BC=4.37e-05, Data=2.92e-04
2025-06-01 23:16:01,577 - INFO - Epoch 8000: Total=2.90e-02, PDE=9.53e-04, BC=3.92e-05, Data=2.77e-04
2025-06-01 23:16:12,013 - INFO - Epoch 9000: Total=2.77e-02, PDE=8.79e-04, BC=3.32e-05, Data=2.65e-04
2025-06-01 23:16:22,422 - INFO - Epoch 10000: Total=2.62e-02, PDE=8.40e-04, BC=4.09e-05, Data=2.50e-04
2025-06-01 23:16:32,842 - INFO - Epoch 11000: Total=2.46e-02, PDE=8.47e-04, BC=2.65e-05, Data=2.35e-04
2025-06-01 23:16:43,267 - INFO - 逆向模型已保存: ./outputs_pytorch_ring/models/inverse_noise_0.000_points_800.pth
2025-06-01 23:16:43,829 - INFO - 完成: MSE=4.79e+00
2025-06-01 23:16:43,829 - INFO - 逆向求解: 噪声=0.000, 点数=1500
2025-06-01 23:16:43,831 - INFO - 开始逆向问题求解，测量点数: 1500
2025-06-01 23:16:43,850 - INFO - Epoch 0: Total=1.14e+01, PDE=9.37e-02, BC=1.42e-02, Data=1.12e-01
2025-06-01 23:16:54,321 - INFO - Epoch 1000: Total=6.53e-02, PDE=8.64e-03, BC=1.84e-04, Data=5.48e-04
2025-06-01 23:17:04,809 - INFO - Epoch 2000: Total=5.50e-02, PDE=5.33e-03, BC=3.99e-04, Data=4.57e-04
2025-06-01 23:17:15,324 - INFO - Epoch 3000: Total=4.27e-02, PDE=3.49e-03, BC=1.66e-04, Data=3.76e-04
2025-06-01 23:17:25,839 - INFO - Epoch 4000: Total=4.30e-02, PDE=2.53e-03, BC=1.63e-04, Data=3.88e-04
2025-06-01 23:17:36,310 - INFO - Epoch 5000: Total=3.59e-02, PDE=1.93e-03, BC=8.85e-05, Data=3.31e-04
2025-06-01 23:17:46,786 - INFO - Epoch 6000: Total=3.08e-02, PDE=1.40e-03, BC=5.00e-05, Data=2.89e-04
2025-06-01 23:17:57,271 - INFO - Epoch 7000: Total=3.00e-02, PDE=1.15e-03, BC=5.18e-05, Data=2.83e-04
2025-06-01 23:18:07,750 - INFO - Epoch 8000: Total=2.84e-02, PDE=1.06e-03, BC=5.81e-05, Data=2.67e-04
2025-06-01 23:18:18,227 - INFO - Epoch 9000: Total=2.65e-02, PDE=1.00e-03, BC=4.00e-05, Data=2.51e-04
2025-06-01 23:18:28,706 - INFO - Epoch 10000: Total=2.76e-02, PDE=1.04e-03, BC=6.72e-05, Data=2.59e-04
2025-06-01 23:18:39,181 - INFO - Epoch 11000: Total=2.47e-02, PDE=9.07e-04, BC=5.19e-05, Data=2.33e-04
2025-06-01 23:18:49,639 - INFO - 逆向模型已保存: ./outputs_pytorch_ring/models/inverse_noise_0.000_points_1500.pth
2025-06-01 23:18:50,205 - INFO - 完成: MSE=4.74e+00
2025-06-01 23:18:50,205 - INFO - 逆向求解: 噪声=0.010, 点数=200
2025-06-01 23:18:50,207 - INFO - 开始逆向问题求解，测量点数: 200
2025-06-01 23:18:50,219 - INFO - Epoch 0: Total=1.16e+01, PDE=3.54e-02, BC=2.56e-03, Data=1.15e-01
2025-06-01 23:19:00,653 - INFO - Epoch 1000: Total=8.14e-02, PDE=1.23e-02, BC=2.89e-04, Data=6.62e-04
2025-06-01 23:19:11,143 - INFO - Epoch 2000: Total=8.30e-02, PDE=5.61e-03, BC=8.25e-05, Data=7.65e-04
2025-06-01 23:19:21,547 - INFO - Epoch 3000: Total=5.06e-02, PDE=3.57e-03, BC=2.40e-04, Data=4.46e-04
2025-06-01 23:19:31,986 - INFO - Epoch 4000: Total=4.57e-02, PDE=2.28e-03, BC=1.56e-04, Data=4.18e-04
2025-06-01 23:19:42,412 - INFO - Epoch 5000: Total=4.02e-02, PDE=1.59e-03, BC=4.44e-05, Data=3.81e-04
2025-06-01 23:19:52,843 - INFO - Epoch 6000: Total=4.15e-02, PDE=1.56e-03, BC=4.59e-05, Data=3.94e-04
2025-06-01 23:20:03,273 - INFO - Epoch 7000: Total=3.86e-02, PDE=1.44e-03, BC=4.42e-05, Data=3.68e-04
2025-06-01 23:20:13,709 - INFO - Epoch 8000: Total=3.76e-02, PDE=1.29e-03, BC=5.01e-05, Data=3.58e-04
2025-06-01 23:20:24,149 - INFO - Epoch 9000: Total=3.70e-02, PDE=1.16e-03, BC=8.88e-05, Data=3.50e-04
2025-06-01 23:20:34,568 - INFO - Epoch 10000: Total=3.58e-02, PDE=1.13e-03, BC=7.09e-05, Data=3.40e-04
2025-06-01 23:20:44,998 - INFO - Epoch 11000: Total=3.50e-02, PDE=1.16e-03, BC=6.73e-05, Data=3.32e-04
2025-06-01 23:20:55,422 - INFO - 逆向模型已保存: ./outputs_pytorch_ring/models/inverse_noise_0.010_points_200.pth
2025-06-01 23:20:56,125 - INFO - 完成: MSE=4.83e+00
2025-06-01 23:20:56,125 - INFO - 逆向求解: 噪声=0.010, 点数=400
2025-06-01 23:20:56,127 - INFO - 开始逆向问题求解，测量点数: 400
2025-06-01 23:20:56,141 - INFO - Epoch 0: Total=1.61e+01, PDE=1.23e-02, BC=7.76e-02, Data=1.53e-01
2025-06-01 23:21:06,643 - INFO - Epoch 1000: Total=7.48e-02, PDE=5.79e-03, BC=1.71e-04, Data=6.73e-04
2025-06-01 23:21:17,103 - INFO - Epoch 2000: Total=6.76e-02, PDE=4.14e-03, BC=4.87e-04, Data=5.86e-04
2025-06-01 23:21:27,583 - INFO - Epoch 3000: Total=5.23e-02, PDE=2.96e-03, BC=1.84e-04, Data=4.75e-04
2025-06-01 23:21:38,085 - INFO - Epoch 4000: Total=5.59e-02, PDE=2.03e-03, BC=2.08e-04, Data=5.18e-04
2025-06-01 23:21:48,564 - INFO - Epoch 5000: Total=4.56e-02, PDE=1.50e-03, BC=4.78e-05, Data=4.36e-04
2025-06-01 23:21:59,051 - INFO - Epoch 6000: Total=4.21e-02, PDE=1.31e-03, BC=4.20e-05, Data=4.03e-04
2025-06-01 23:22:09,547 - INFO - Epoch 7000: Total=4.06e-02, PDE=1.24e-03, BC=5.08e-05, Data=3.88e-04
2025-06-01 23:22:20,033 - INFO - Epoch 8000: Total=7.78e-02, PDE=1.63e-03, BC=6.55e-04, Data=6.96e-04
2025-06-01 23:22:30,517 - INFO - Epoch 9000: Total=4.08e-02, PDE=1.21e-03, BC=7.85e-05, Data=3.88e-04
2025-06-01 23:22:40,726 - INFO - Epoch 10000: Total=3.75e-02, PDE=1.22e-03, BC=5.88e-05, Data=3.57e-04
2025-06-01 23:22:51,203 - INFO - Epoch 11000: Total=3.51e-02, PDE=1.17e-03, BC=6.37e-05, Data=3.33e-04
2025-06-01 23:23:01,683 - INFO - 逆向模型已保存: ./outputs_pytorch_ring/models/inverse_noise_0.010_points_400.pth
2025-06-01 23:23:02,235 - INFO - 完成: MSE=4.75e+00
2025-06-01 23:23:02,235 - INFO - 逆向求解: 噪声=0.010, 点数=800
2025-06-01 23:23:02,237 - INFO - 开始逆向问题求解，测量点数: 800
2025-06-01 23:23:02,250 - INFO - Epoch 0: Total=1.42e+01, PDE=2.47e-01, BC=5.54e-02, Data=1.34e-01
2025-06-01 23:23:12,694 - INFO - Epoch 1000: Total=8.32e-02, PDE=8.42e-03, BC=2.18e-04, Data=7.26e-04
2025-06-01 23:23:23,156 - INFO - Epoch 2000: Total=9.28e-02, PDE=4.99e-03, BC=6.77e-04, Data=8.11e-04
2025-06-01 23:23:33,608 - INFO - Epoch 3000: Total=5.41e-02, PDE=3.50e-03, BC=1.64e-04, Data=4.90e-04
2025-06-01 23:23:44,059 - INFO - Epoch 4000: Total=5.22e-02, PDE=2.52e-03, BC=1.21e-04, Data=4.85e-04
2025-06-01 23:23:54,520 - INFO - Epoch 5000: Total=4.91e-02, PDE=1.94e-03, BC=8.22e-05, Data=4.63e-04
2025-06-01 23:24:04,968 - INFO - Epoch 6000: Total=4.42e-02, PDE=1.53e-03, BC=5.48e-05, Data=4.21e-04
2025-06-01 23:24:15,412 - INFO - Epoch 7000: Total=4.11e-02, PDE=1.27e-03, BC=3.94e-05, Data=3.94e-04
2025-06-01 23:24:25,890 - INFO - Epoch 8000: Total=3.89e-02, PDE=1.23e-03, BC=3.56e-05, Data=3.73e-04
2025-06-01 23:24:36,511 - INFO - Epoch 9000: Total=3.80e-02, PDE=1.45e-03, BC=4.95e-05, Data=3.60e-04
2025-06-01 23:24:46,982 - INFO - Epoch 10000: Total=3.61e-02, PDE=1.22e-03, BC=5.05e-05, Data=3.44e-04
2025-06-01 23:24:57,458 - INFO - Epoch 11000: Total=3.41e-02, PDE=1.10e-03, BC=3.50e-05, Data=3.26e-04
2025-06-01 23:25:08,021 - INFO - 逆向模型已保存: ./outputs_pytorch_ring/models/inverse_noise_0.010_points_800.pth
2025-06-01 23:25:08,586 - INFO - 完成: MSE=4.64e+00
2025-06-01 23:25:08,586 - INFO - 逆向求解: 噪声=0.010, 点数=1500
2025-06-01 23:25:08,588 - INFO - 开始逆向问题求解，测量点数: 1500
2025-06-01 23:25:08,600 - INFO - Epoch 0: Total=1.33e+01, PDE=2.53e-02, BC=4.25e-02, Data=1.28e-01
2025-06-01 23:25:19,162 - INFO - Epoch 1000: Total=7.20e-02, PDE=8.79e-03, BC=2.40e-04, Data=6.09e-04
2025-06-01 23:25:29,704 - INFO - Epoch 2000: Total=5.78e-02, PDE=3.23e-03, BC=2.67e-04, Data=5.19e-04
2025-06-01 23:25:40,206 - INFO - Epoch 3000: Total=4.74e-02, PDE=1.78e-03, BC=1.01e-04, Data=4.46e-04
2025-06-01 23:25:50,279 - INFO - Epoch 4000: Total=4.59e-02, PDE=1.23e-03, BC=8.02e-05, Data=4.39e-04
2025-06-01 23:26:00,580 - INFO - Epoch 5000: Total=4.62e-02, PDE=1.09e-03, BC=9.54e-05, Data=4.42e-04
2025-06-01 23:26:11,058 - INFO - Epoch 6000: Total=4.17e-02, PDE=1.12e-03, BC=5.45e-05, Data=4.00e-04
2025-06-01 23:26:21,190 - INFO - Epoch 7000: Total=3.80e-02, PDE=1.83e-03, BC=2.33e-05, Data=3.59e-04
2025-06-01 23:26:31,689 - INFO - Epoch 8000: Total=3.63e-02, PDE=9.83e-04, BC=2.63e-05, Data=3.51e-04
2025-06-01 23:26:42,176 - INFO - Epoch 9000: Total=3.53e-02, PDE=9.73e-04, BC=5.11e-05, Data=3.38e-04
2025-06-01 23:26:52,602 - INFO - Epoch 10000: Total=3.40e-02, PDE=1.00e-03, BC=2.29e-05, Data=3.27e-04
2025-06-01 23:27:03,080 - INFO - Epoch 11000: Total=3.21e-02, PDE=1.07e-03, BC=5.19e-05, Data=3.06e-04
2025-06-01 23:27:13,563 - INFO - 逆向模型已保存: ./outputs_pytorch_ring/models/inverse_noise_0.010_points_1500.pth
2025-06-01 23:27:14,116 - INFO - 完成: MSE=4.39e+00
2025-06-01 23:27:14,116 - INFO - 逆向求解: 噪声=0.020, 点数=200
2025-06-01 23:27:14,117 - INFO - 开始逆向问题求解，测量点数: 200
2025-06-01 23:27:14,130 - INFO - Epoch 0: Total=1.25e+01, PDE=2.18e-02, BC=4.30e-02, Data=1.21e-01
2025-06-01 23:27:24,474 - INFO - Epoch 1000: Total=9.15e-02, PDE=1.06e-02, BC=2.06e-04, Data=7.89e-04
2025-06-01 23:27:34,916 - INFO - Epoch 2000: Total=6.32e-02, PDE=4.84e-03, BC=2.46e-04, Data=5.59e-04
2025-06-01 23:27:45,353 - INFO - Epoch 3000: Total=6.48e-02, PDE=2.69e-03, BC=2.13e-04, Data=6.00e-04
2025-06-01 23:27:55,788 - INFO - Epoch 4000: Total=5.79e-02, PDE=1.40e-03, BC=1.56e-04, Data=5.50e-04
2025-06-01 23:28:06,249 - INFO - Epoch 5000: Total=5.68e-02, PDE=9.15e-04, BC=1.49e-04, Data=5.44e-04
2025-06-01 23:28:16,817 - INFO - Epoch 6000: Total=5.05e-02, PDE=6.78e-04, BC=1.23e-04, Data=4.86e-04
2025-06-01 23:28:27,270 - INFO - Epoch 7000: Total=4.89e-02, PDE=6.17e-04, BC=1.33e-04, Data=4.70e-04
2025-06-01 23:28:37,794 - INFO - Epoch 8000: Total=4.81e-02, PDE=6.14e-04, BC=1.83e-04, Data=4.56e-04
2025-06-01 23:28:48,252 - INFO - Epoch 9000: Total=4.72e-02, PDE=6.34e-04, BC=1.71e-04, Data=4.48e-04
2025-06-01 23:28:58,709 - INFO - Epoch 10000: Total=4.65e-02, PDE=6.37e-04, BC=1.88e-04, Data=4.40e-04
2025-06-01 23:29:09,149 - INFO - Epoch 11000: Total=4.58e-02, PDE=6.02e-04, BC=1.81e-04, Data=4.34e-04
2025-06-01 23:29:19,627 - INFO - 逆向模型已保存: ./outputs_pytorch_ring/models/inverse_noise_0.020_points_200.pth
2025-06-01 23:29:20,192 - INFO - 完成: MSE=4.73e+00
2025-06-01 23:29:20,192 - INFO - 逆向求解: 噪声=0.020, 点数=400
2025-06-01 23:29:20,194 - INFO - 开始逆向问题求解，测量点数: 400
2025-06-01 23:29:20,206 - INFO - Epoch 0: Total=1.51e+01, PDE=5.22e-02, BC=7.56e-02, Data=1.43e-01
2025-06-01 23:29:30,619 - INFO - Epoch 1000: Total=1.04e-01, PDE=6.49e-03, BC=3.35e-04, Data=9.38e-04
2025-06-01 23:29:41,043 - INFO - Epoch 2000: Total=9.02e-02, PDE=3.60e-03, BC=4.05e-04, Data=8.25e-04
2025-06-01 23:29:51,473 - INFO - Epoch 3000: Total=8.11e-02, PDE=2.61e-03, BC=2.24e-04, Data=7.62e-04
2025-06-01 23:30:01,887 - INFO - Epoch 4000: Total=7.35e-02, PDE=1.68e-03, BC=7.26e-05, Data=7.11e-04
2025-06-01 23:30:12,297 - INFO - Epoch 5000: Total=6.88e-02, PDE=1.44e-03, BC=6.00e-05, Data=6.68e-04
2025-06-01 23:30:22,745 - INFO - Epoch 6000: Total=6.71e-02, PDE=1.34e-03, BC=6.47e-05, Data=6.52e-04
2025-06-01 23:30:33,160 - INFO - Epoch 7000: Total=6.40e-02, PDE=1.29e-03, BC=6.81e-05, Data=6.20e-04
2025-06-01 23:30:43,571 - INFO - Epoch 8000: Total=7.04e-02, PDE=1.27e-03, BC=2.26e-04, Data=6.69e-04
2025-06-01 23:30:53,999 - INFO - Epoch 9000: Total=6.12e-02, PDE=1.18e-03, BC=6.74e-05, Data=5.93e-04
2025-06-01 23:31:04,412 - INFO - Epoch 10000: Total=6.01e-02, PDE=1.25e-03, BC=6.78e-05, Data=5.81e-04
2025-06-01 23:31:14,808 - INFO - Epoch 11000: Total=6.34e-02, PDE=1.34e-03, BC=1.60e-04, Data=6.04e-04
2025-06-01 23:31:25,248 - INFO - 逆向模型已保存: ./outputs_pytorch_ring/models/inverse_noise_0.020_points_400.pth
2025-06-01 23:31:25,957 - INFO - 完成: MSE=4.83e+00
2025-06-01 23:31:25,957 - INFO - 逆向求解: 噪声=0.020, 点数=800
2025-06-01 23:31:25,959 - INFO - 开始逆向问题求解，测量点数: 800
2025-06-01 23:31:25,973 - INFO - Epoch 0: Total=1.09e+01, PDE=8.07e-02, BC=2.62e-03, Data=1.08e-01
2025-06-01 23:31:36,569 - INFO - Epoch 1000: Total=1.38e-01, PDE=8.04e-03, BC=1.02e-03, Data=1.19e-03
2025-06-01 23:31:47,067 - INFO - Epoch 2000: Total=8.00e-02, PDE=3.13e-03, BC=2.40e-04, Data=7.45e-04
2025-06-01 23:31:57,581 - INFO - Epoch 3000: Total=7.43e-02, PDE=2.42e-03, BC=1.79e-04, Data=7.01e-04
2025-06-01 23:32:08,084 - INFO - Epoch 4000: Total=6.87e-02, PDE=1.38e-03, BC=7.99e-05, Data=6.65e-04
2025-06-01 23:32:18,579 - INFO - Epoch 5000: Total=6.52e-02, PDE=1.21e-03, BC=5.22e-05, Data=6.35e-04
2025-06-01 23:32:29,149 - INFO - Epoch 6000: Total=6.24e-02, PDE=1.00e-03, BC=3.86e-05, Data=6.10e-04
2025-06-01 23:32:39,683 - INFO - Epoch 7000: Total=6.01e-02, PDE=1.17e-03, BC=3.49e-05, Data=5.86e-04
2025-06-01 23:32:50,293 - INFO - Epoch 8000: Total=5.89e-02, PDE=1.17e-03, BC=4.12e-05, Data=5.73e-04
2025-06-01 23:33:00,917 - INFO - Epoch 9000: Total=5.78e-02, PDE=1.10e-03, BC=6.98e-05, Data=5.60e-04
2025-06-01 23:33:11,404 - INFO - Epoch 10000: Total=5.66e-02, PDE=1.16e-03, BC=5.19e-05, Data=5.50e-04
2025-06-01 23:33:21,890 - INFO - Epoch 11000: Total=5.57e-02, PDE=1.23e-03, BC=5.43e-05, Data=5.40e-04
2025-06-01 23:33:32,381 - INFO - 逆向模型已保存: ./outputs_pytorch_ring/models/inverse_noise_0.020_points_800.pth
2025-06-01 23:33:32,939 - INFO - 完成: MSE=4.50e+00
2025-06-01 23:33:32,939 - INFO - 逆向求解: 噪声=0.020, 点数=1500
2025-06-01 23:33:32,941 - INFO - 开始逆向问题求解，测量点数: 1500
2025-06-01 23:33:32,953 - INFO - Epoch 0: Total=1.26e+01, PDE=9.50e-02, BC=2.68e-02, Data=1.22e-01
2025-06-01 23:33:43,448 - INFO - Epoch 1000: Total=1.19e-01, PDE=1.38e-02, BC=9.51e-04, Data=9.55e-04
2025-06-01 23:33:53,988 - INFO - Epoch 2000: Total=8.52e-02, PDE=4.25e-03, BC=2.11e-04, Data=7.89e-04
2025-06-01 23:34:04,533 - INFO - Epoch 3000: Total=8.39e-02, PDE=2.52e-03, BC=2.16e-04, Data=7.93e-04
2025-06-01 23:34:15,062 - INFO - Epoch 4000: Total=7.96e-02, PDE=1.59e-03, BC=1.51e-04, Data=7.65e-04
2025-06-01 23:34:25,606 - INFO - Epoch 5000: Total=7.29e-02, PDE=5.99e-03, BC=2.71e-05, Data=6.67e-04
2025-06-01 23:34:36,149 - INFO - Epoch 6000: Total=6.86e-02, PDE=1.14e-03, BC=4.82e-05, Data=6.69e-04
2025-06-01 23:34:46,573 - INFO - Epoch 7000: Total=6.84e-02, PDE=1.15e-03, BC=4.82e-05, Data=6.68e-04
2025-06-01 23:34:57,290 - INFO - Epoch 8000: Total=7.62e-02, PDE=1.27e-03, BC=1.24e-04, Data=7.37e-04
2025-06-01 23:35:08,103 - INFO - Epoch 9000: Total=6.39e-02, PDE=1.03e-03, BC=2.37e-05, Data=6.26e-04
2025-06-01 23:35:18,904 - INFO - Epoch 10000: Total=6.25e-02, PDE=9.31e-04, BC=2.17e-05, Data=6.13e-04
2025-06-01 23:35:29,701 - INFO - Epoch 11000: Total=6.07e-02, PDE=8.33e-04, BC=2.72e-05, Data=5.96e-04
2025-06-01 23:35:40,241 - INFO - 逆向模型已保存: ./outputs_pytorch_ring/models/inverse_noise_0.020_points_1500.pth
2025-06-01 23:35:40,791 - INFO - 完成: MSE=4.60e+00
2025-06-01 23:35:40,791 - INFO - 逆向求解: 噪声=0.050, 点数=200
2025-06-01 23:35:40,793 - INFO - 开始逆向问题求解，测量点数: 200
2025-06-01 23:35:40,805 - INFO - Epoch 0: Total=1.61e+01, PDE=2.61e-01, BC=7.24e-02, Data=1.51e-01
2025-06-01 23:35:51,229 - INFO - Epoch 1000: Total=3.05e-01, PDE=7.14e-03, BC=6.12e-04, Data=2.92e-03
2025-06-01 23:36:01,670 - INFO - Epoch 2000: Total=2.67e-01, PDE=5.70e-03, BC=3.98e-04, Data=2.57e-03
2025-06-01 23:36:12,103 - INFO - Epoch 3000: Total=2.46e-01, PDE=6.07e-03, BC=6.64e-04, Data=2.33e-03
2025-06-01 23:36:22,541 - INFO - Epoch 4000: Total=2.42e-01, PDE=5.30e-03, BC=7.62e-04, Data=2.29e-03
2025-06-01 23:36:32,991 - INFO - Epoch 5000: Total=2.39e-01, PDE=5.13e-03, BC=8.09e-04, Data=2.26e-03
2025-06-01 23:36:43,525 - INFO - Epoch 6000: Total=2.22e-01, PDE=4.42e-03, BC=4.21e-04, Data=2.13e-03
2025-06-01 23:36:53,958 - INFO - Epoch 7000: Total=2.15e-01, PDE=3.43e-03, BC=3.93e-04, Data=2.08e-03
2025-06-01 23:37:04,396 - INFO - Epoch 8000: Total=2.12e-01, PDE=3.67e-03, BC=5.49e-04, Data=2.03e-03
2025-06-01 23:37:14,827 - INFO - Epoch 9000: Total=2.02e-01, PDE=4.32e-03, BC=4.17e-04, Data=1.93e-03
2025-06-01 23:37:25,265 - INFO - Epoch 10000: Total=1.92e-01, PDE=3.33e-03, BC=3.02e-04, Data=1.86e-03
2025-06-01 23:37:35,749 - INFO - Epoch 11000: Total=1.90e-01, PDE=3.38e-03, BC=3.41e-04, Data=1.83e-03
2025-06-01 23:37:46,265 - INFO - 逆向模型已保存: ./outputs_pytorch_ring/models/inverse_noise_0.050_points_200.pth
2025-06-01 23:37:46,826 - INFO - 完成: MSE=6.71e+00
2025-06-01 23:37:46,826 - INFO - 逆向求解: 噪声=0.050, 点数=400
2025-06-01 23:37:46,827 - INFO - 开始逆向问题求解，测量点数: 400
2025-06-01 23:37:46,839 - INFO - Epoch 0: Total=2.25e+01, PDE=2.86e-02, BC=1.82e-01, Data=2.06e-01
2025-06-01 23:37:57,194 - INFO - Epoch 1000: Total=3.07e-01, PDE=7.68e-03, BC=8.60e-04, Data=2.90e-03
2025-06-01 23:38:07,598 - INFO - Epoch 2000: Total=2.89e-01, PDE=4.52e-03, BC=3.30e-04, Data=2.81e-03
2025-06-01 23:38:18,004 - INFO - Epoch 3000: Total=2.71e-01, PDE=3.27e-03, BC=3.30e-04, Data=2.65e-03
2025-06-01 23:38:28,409 - INFO - Epoch 4000: Total=2.67e-01, PDE=2.93e-03, BC=1.98e-04, Data=2.63e-03
2025-06-01 23:38:38,816 - INFO - Epoch 5000: Total=2.66e-01, PDE=2.39e-03, BC=2.55e-04, Data=2.61e-03
2025-06-01 23:38:49,216 - INFO - Epoch 6000: Total=2.63e-01, PDE=1.70e-03, BC=4.46e-04, Data=2.57e-03
2025-06-01 23:38:59,632 - INFO - Epoch 7000: Total=2.64e-01, PDE=1.43e-03, BC=2.71e-04, Data=2.59e-03
2025-06-01 23:39:10,036 - INFO - Epoch 8000: Total=2.57e-01, PDE=1.28e-03, BC=2.82e-04, Data=2.52e-03
2025-06-01 23:39:20,432 - INFO - Epoch 9000: Total=2.59e-01, PDE=1.23e-03, BC=4.93e-04, Data=2.52e-03
2025-06-01 23:39:30,837 - INFO - Epoch 10000: Total=2.52e-01, PDE=1.12e-03, BC=3.89e-04, Data=2.47e-03
2025-06-01 23:39:41,257 - INFO - Epoch 11000: Total=2.51e-01, PDE=1.11e-03, BC=3.16e-04, Data=2.47e-03
2025-06-01 23:39:51,652 - INFO - 逆向模型已保存: ./outputs_pytorch_ring/models/inverse_noise_0.050_points_400.pth
2025-06-01 23:39:52,335 - INFO - 完成: MSE=4.90e+00
2025-06-01 23:39:52,335 - INFO - 逆向求解: 噪声=0.050, 点数=800
2025-06-01 23:39:52,337 - INFO - 开始逆向问题求解，测量点数: 800
2025-06-01 23:39:52,351 - INFO - Epoch 0: Total=1.18e+01, PDE=3.50e-02, BC=1.80e-02, Data=1.16e-01
2025-06-01 23:40:02,819 - INFO - Epoch 1000: Total=3.19e-01, PDE=7.63e-03, BC=6.36e-04, Data=3.05e-03
2025-06-01 23:40:13,307 - INFO - Epoch 2000: Total=2.96e-01, PDE=3.65e-03, BC=1.19e-04, Data=2.92e-03
2025-06-01 23:40:23,830 - INFO - Epoch 3000: Total=2.90e-01, PDE=2.50e-03, BC=9.99e-05, Data=2.86e-03
2025-06-01 23:40:34,423 - INFO - Epoch 4000: Total=2.89e-01, PDE=1.93e-03, BC=1.04e-04, Data=2.86e-03
2025-06-01 23:40:44,999 - INFO - Epoch 5000: Total=2.89e-01, PDE=1.54e-03, BC=1.78e-04, Data=2.85e-03
2025-06-01 23:40:55,696 - INFO - Epoch 6000: Total=2.86e-01, PDE=1.45e-03, BC=1.58e-04, Data=2.83e-03
2025-06-01 23:41:06,441 - INFO - Epoch 7000: Total=2.81e-01, PDE=1.31e-03, BC=1.26e-04, Data=2.78e-03
2025-06-01 23:41:17,155 - INFO - Epoch 8000: Total=2.79e-01, PDE=1.21e-03, BC=1.40e-04, Data=2.77e-03
2025-06-01 23:41:27,717 - INFO - Epoch 9000: Total=2.77e-01, PDE=1.23e-03, BC=1.57e-04, Data=2.74e-03
2025-06-01 23:41:38,494 - INFO - Epoch 10000: Total=2.74e-01, PDE=1.19e-03, BC=1.43e-04, Data=2.71e-03
2025-06-01 23:41:49,135 - INFO - Epoch 11000: Total=2.71e-01, PDE=1.21e-03, BC=1.42e-04, Data=2.68e-03
2025-06-01 23:41:59,929 - INFO - 逆向模型已保存: ./outputs_pytorch_ring/models/inverse_noise_0.050_points_800.pth
2025-06-01 23:42:00,468 - INFO - 完成: MSE=4.71e+00
2025-06-01 23:42:00,468 - INFO - 逆向求解: 噪声=0.050, 点数=1500
2025-06-01 23:42:00,470 - INFO - 开始逆向问题求解，测量点数: 1500
2025-06-01 23:42:00,482 - INFO - Epoch 0: Total=1.21e+01, PDE=5.26e-03, BC=1.72e-02, Data=1.20e-01
2025-06-01 23:42:11,190 - INFO - Epoch 1000: Total=3.12e-01, PDE=4.51e-03, BC=2.32e-04, Data=3.05e-03
2025-06-01 23:42:21,917 - INFO - Epoch 2000: Total=2.95e-01, PDE=2.45e-03, BC=8.94e-05, Data=2.91e-03
2025-06-01 23:42:32,727 - INFO - Epoch 3000: Total=2.91e-01, PDE=1.60e-03, BC=1.58e-04, Data=2.88e-03
2025-06-01 23:42:43,390 - INFO - Epoch 4000: Total=2.84e-01, PDE=1.30e-03, BC=9.70e-05, Data=2.82e-03
2025-06-01 23:42:53,964 - INFO - Epoch 5000: Total=2.84e-01, PDE=1.24e-03, BC=1.08e-04, Data=2.82e-03
2025-06-01 23:43:04,594 - INFO - Epoch 6000: Total=2.81e-01, PDE=1.28e-03, BC=7.38e-05, Data=2.79e-03
2025-06-01 23:43:15,321 - INFO - Epoch 7000: Total=2.80e-01, PDE=1.34e-03, BC=6.20e-05, Data=2.78e-03
2025-06-01 23:43:25,843 - INFO - Epoch 8000: Total=2.80e-01, PDE=1.33e-03, BC=1.42e-04, Data=2.77e-03
2025-06-01 23:43:36,557 - INFO - Epoch 9000: Total=2.74e-01, PDE=1.32e-03, BC=1.17e-04, Data=2.72e-03
2025-06-01 23:43:47,266 - INFO - Epoch 10000: Total=2.72e-01, PDE=1.41e-03, BC=1.00e-04, Data=2.69e-03
2025-06-01 23:43:57,860 - INFO - Epoch 11000: Total=2.70e-01, PDE=1.56e-03, BC=1.16e-04, Data=2.68e-03
2025-06-01 23:44:08,526 - INFO - 逆向模型已保存: ./outputs_pytorch_ring/models/inverse_noise_0.050_points_1500.pth
2025-06-01 23:44:09,088 - INFO - 完成: MSE=4.23e+00
2025-06-01 23:44:09,088 - INFO - 实验完成，总耗时: 2140.32秒
